Log file open, 10/13/14 13:19:35
LogInit:Display: Running engine for game: ssctf
LogInit: Version: 4.4.2-2289767+++depot+UE4-Releases+4.4
LogInit: API Version: 2255576
LogInit: Compiled (64-bit): Sep  8 2014 15:27:03
LogInit: Build Configuration: Development
LogInit: Branch Name: ++depot+UE4-Releases+4.4
LogInit: Command line: 
LogInit: Base directory: C:/Program Files/Unreal Engine/4.4/Engine/Binaries/Win64/
LogInit: Rocket: 1
[2014.10.13-20.19.35:816][  0]LogTaskGraph: Started task graph with 3 named threads and 4 total threads.
[2014.10.13-20.19.35:845][  0]LogOnline:Warning: No default platform service specified for OnlineSubsystem
[2014.10.13-20.19.35:855][  0]LogInit: Presizing for 0 objects not considered by GC, pre-allocating 0 bytes.
[2014.10.13-20.19.35:863][  0]LogInit: Object subsystem initialized
[2014.10.13-20.19.35:865][  0]LogInit: Selected Device Profile: [Windows]
[2014.10.13-20.19.35:865][  0]LogInit: Applying CVar settings loaded from the selected device profile: [Windows]
[2014.10.13-20.19.35:872][  0]LogInit: Computer: CHRISTIANS-PC
[2014.10.13-20.19.35:872][  0]LogInit: User: Christian
[2014.10.13-20.19.35:874][  0]LogInit: CPU Page size=4096, Cores=4
[2014.10.13-20.19.35:874][  0]LogInit: High frequency timer resolution =2.338446 MHz
[2014.10.13-20.19.35:874][  0]LogMemory: Memory total: Physical=7.9GB (8GB approx) Virtual=131072.0GB
[2014.10.13-20.19.35:874][  0]LogMemory: Platform Memory Stats for Windows
[2014.10.13-20.19.35:874][  0]LogMemory: Process Physical Memory: 59.97 MB used, 59.97 MB peak
[2014.10.13-20.19.35:874][  0]LogMemory: Process Virtual Memory: 36.16 MB used, 36.16 MB peak
[2014.10.13-20.19.35:874][  0]LogMemory: Physical Memory: 2706.02 MB used, 8076.88 MB total
[2014.10.13-20.19.35:874][  0]LogMemory: Virtual Memory: 269.87 MB used, 134217728.00 MB total
[2014.10.13-20.19.35:899][  0]LogD3D11RHI: Found D3D11 adapter 0: Intel(R) HD Graphics 4000 (Feature Level 11_0)
[2014.10.13-20.19.35:899][  0]LogD3D11RHI: Adapter has 1039MB of dedicated video memory, 0MB of dedicated system memory, and 4038MB of shared system memory, 1 output[s]
[2014.10.13-20.19.35:900][  0]LogD3D11RHI: Found D3D11 adapter 1: Microsoft Basic Render Driver (Feature Level 11_0)
[2014.10.13-20.19.35:900][  0]LogD3D11RHI: Adapter has 0MB of dedicated video memory, 0MB of dedicated system memory, and 256MB of shared system memory, 0 output[s]
[2014.10.13-20.19.35:900][  0]LogD3D11RHI: Chosen D3D11 Adapter Id = 0
[2014.10.13-20.19.35:906][  0]LogRHI: Texture pool is 1361 MB (70% of 1945 MB)
[2014.10.13-20.19.35:917][  0]LogD3D11RHI: Async texture creation enabled
[2014.10.13-20.19.36:032][  0]LogContentStreaming: Texture pool size is 0.000000MB
[2014.10.13-20.19.37:774][  0]LogTargetPlatformManager:Display: Building Assets For Windows
[2014.10.13-20.19.38:230][  0]LogTargetPlatformManager:Display: Building Assets For Windows
[2014.10.13-20.19.38:274][  0]LogDerivedDataCache:Display: Max Cache Size: 512 MB
[2014.10.13-20.19.38:318][  0]LogDerivedDataCache: Loaded boot cache 0.04s 39MB C:/Users/Christian/AppData/Local/UnrealEngine/4.4/DerivedDataCache/Boot.ddc.
[2014.10.13-20.19.38:318][  0]LogDerivedDataCache:Display: Loaded Boot cache: C:/Users/Christian/AppData/Local/UnrealEngine/4.4/DerivedDataCache/Boot.ddc
[2014.10.13-20.19.38:318][  0]LogDerivedDataCache: FDerivedDataBackendGraph:  Pak pak cache file ../../../../../../Users/Christian/Desktop/ssctf/DerivedDataCache/DDC.ddp not found, will not use a pak cache.
[2014.10.13-20.19.38:318][  0]LogDerivedDataCache: Unable to find inner node Pak for hierarchical cache Hierarchy.
[2014.10.13-20.19.38:339][  0]LogDerivedDataCache:Display: Pak cache opened for reading ../../../Engine/DerivedDataCache/DDC.ddp.
[2014.10.13-20.19.38:351][  0]LogDerivedDataCache: Using Local data cache path C:/Users/Christian/AppData/Local/UnrealEngine/4.4/DerivedDataCache: Writable
[2014.10.13-20.19.38:525][  0]LogMeshUtilities: No automatic mesh reduction module available
[2014.10.13-20.19.38:525][  0]LogMeshUtilities: No automatic mesh merging module available
[2014.10.13-20.19.38:881][  0]LogInit: WinSock: version 1.1 (2.2), MaxSocks=32767, MaxUdp=65467
[2014.10.13-20.19.39:675][  0]LogStats:Warning: MetaData mismatch. Did you assign a stat to two groups? New //STATGROUP_Threads//FMonitoredProcess///Thread_187c_0///////STATCAT_Advanced//// old //STATGROUP_Threads//FMonitoredProcess///Thread_1a28_0///////STATCAT_Advanced////
[2014.10.13-20.19.39:675][  0]UdpMessaging: Initializing bridge on interface 0.0.0.0:0 to multicast group 230.0.0.1:6666.
[2014.10.13-20.19.39:787][  0]SourceControl: Info Source control is disabled
[2014.10.13-20.19.39:787][  0]SourceControl: Info Source control is disabled
[2014.10.13-20.19.39:793][  0]SourceControl: Info Source control is disabled
[2014.10.13-20.19.39:973][  0]BlueprintLog: New page: Editor Load
[2014.10.13-20.19.40:072][  0]LogObj: 21438 objects as part of root set at end of initial load.
[2014.10.13-20.19.40:072][  0]LogUObjectAllocator: 4218656 out of 0 bytes used by permanent object pool.
[2014.10.13-20.19.40:258][  0]LogEngine: Initializing Engine...
[2014.10.13-20.19.40:369][  0]LogInit: XAudio2 using 'Speakers (Realtek High Definition Audio)' : 2 channels at 48 kHz using 32 bits per sample (channel mask 0x3)
[2014.10.13-20.19.40:429][  0]LogInit: FAudioDevice initialized.
[2014.10.13-20.19.40:446][  0]LogAIModule: Creating AISystem for world NewWorld
[2014.10.13-20.19.40:468][  0]LogDerivedDataCache: Saved boot cache 0.02s 39MB C:/Users/Christian/AppData/Local/UnrealEngine/4.4/DerivedDataCache/Boot.ddc.
[2014.10.13-20.19.40:472][  0]LogInit: Texture streaming: Enabled
[2014.10.13-20.19.40:504][  0]LogInit: Transaction tracking system initialized
[2014.10.13-20.19.40:615][  0]LogAssetRegistry: FAssetRegistry took 0.0109 seconds to start up
[2014.10.13-20.19.41:119][  0]LogTargetPlatformManager:Display: Building Assets For Windows
[2014.10.13-20.19.41:490][  0]LogTargetPlatformManager:Display: Building Assets For Windows
[2014.10.13-20.19.41:618][  0]LogConsoleResponse:Display: 
[2014.10.13-20.19.41:794][  0]LogStats:Warning: MetaData mismatch. Did you assign a stat to two groups? New //STATGROUP_Threads//FMonitoredProcess///Thread_1f88_0///////STATCAT_Advanced//// old //STATGROUP_Threads//FMonitoredProcess///Thread_1a28_0///////STATCAT_Advanced////
[2014.10.13-20.19.41:794][  0]LogStats:Warning: MetaData mismatch. Did you assign a stat to two groups? New //STATGROUP_Threads//FMonitoredProcess///Thread_1924_0///////STATCAT_Advanced//// old //STATGROUP_Threads//FMonitoredProcess///Thread_1a28_0///////STATCAT_Advanced////
[2014.10.13-20.19.41:794][  0]SourceControl: Info Source control is disabled
[2014.10.13-20.19.41:794][  0]Cmd: MAP LOAD FILE="../../../../../../Users/Christian/Desktop/ssctf/Content/Maps/Example_Map.umap" TEMPLATE=0 SHOWPROGRESS=1
[2014.10.13-20.19.41:794][  0]LightingResults: New page: Lighting Build
[2014.10.13-20.19.41:802][  0]MapCheck: New page: Map Check
[2014.10.13-20.19.41:802][  0]LightingResults: New page: Lighting Build
[2014.10.13-20.19.41:817][  0]LogParticles: Destroying 0 GPU particle simulations for FXSystem 0x000000623BB591C0
[2014.10.13-20.19.42:030][  0]LogEditorServer: Finished looking for orphan Actors (0.000 secs)
[2014.10.13-20.19.42:030][  0]LogAIModule: Creating AISystem for world Example_Map
[2014.10.13-20.19.42:031][  0]Cmd: MAP CHECKDEP
[2014.10.13-20.19.42:031][  0]MapCheck: New page: Example_Map - Oct 13, 2014, 6:19:42 AM
[2014.10.13-20.19.42:112][  0]MapCheck: Info ========== Map Check: 0 Error(s), 0 Warning(s), [81.008ms] ==========
[2014.10.13-20.19.42:112][  0]LogFileHelpers: Loading map 'Example_Map' took 0.318
[2014.10.13-20.19.42:211][  0]LogCollectionManager: Loaded 0 collections in 0.001121 seconds
[2014.10.13-20.19.42:223][  0]LogContentBrowser:Verbose: The content browser source was changed by the sources view to '/Game'
[2014.10.13-20.19.42:300][  0]LogCrashTracker: Crashtracker disabled due to settings.
[2014.10.13-20.19.42:393][  0]LogLoad: Full Startup: 8.39 seconds (BP compile: 0.07 seconds)
[2014.10.13-20.19.42:555][  0]LogRenderer:Warning: Reallocating scene render targets to support 1136x888.
[2014.10.13-20.19.42:892][  2]LogAssetRegistry: Asset discovery search completed in 2.2880 seconds
[2014.10.13-20.19.54:254][577]LogBlueprint:Warning: [spawnGamemode] CreatePinForVariable: 'teamName' variable not found. Base class was probably changed.
[2014.10.13-20.19.54:254][577]LogBlueprint:Warning: [spawnGamemode] CreatePinForVariable: 'playerCon' variable not found. Base class was probably changed.
[2014.10.13-20.19.54:255][577]LogBlueprint:Warning: [spawnGamemode] CreatePinForVariable: 'listOfPlayers' variable not found. Base class was probably changed.
[2014.10.13-20.19.54:256][577]LogBlueprint:Warning: [spawnGamemode] CreatePinForVariable: 'teamName' variable not found. Base class was probably changed.
[2014.10.13-20.19.54:274][577]LogBlueprint:Error: [compiler] Error The type of  TargetArray  is undetermined.  Connect something to  Add  to imply a specific type.
[2014.10.13-20.19.54:274][577]LogBlueprint:Error: [compiler] Error The type of  NewItem  is undetermined.  Connect something to  Add  to imply a specific type.
[2014.10.13-20.19.54:275][577]LogBlueprint:Warning: [compiler] Warning Unable to find variable with name 'teamName' for  Set teamName 
[2014.10.13-20.19.54:275][577]LogBlueprint:Warning: [compiler] Warning Unable to find variable with name 'playerCon' for  Set playerCon 
[2014.10.13-20.19.54:275][577]LogBlueprint:Warning: [compiler] Warning Unable to find variable with name 'listOfPlayers' for  Get listOfPlayers 
[2014.10.13-20.19.54:275][577]LogBlueprint:Warning: [compiler] Warning Unable to find variable with name 'teamName' for  Get teamName 
[2014.10.13-20.19.54:276][577]LogBlueprint:Warning: [compiler] Warning [0020.27] Compile of spawnGamemode failed. 2 Fatal Issue(s) 4 Warning(s) [in 9 ms]
[2014.10.13-20.19.54:302][577]LogBlueprint:Error: [compiler] Error The type of  TargetArray  is undetermined.  Connect something to  Add  to imply a specific type.
[2014.10.13-20.19.54:303][577]LogBlueprint:Error: [compiler] Error The type of  NewItem  is undetermined.  Connect something to  Add  to imply a specific type.
[2014.10.13-20.19.54:303][577]LogBlueprint:Warning: [compiler] Warning Unable to find variable with name 'teamName' for  Set teamName 
[2014.10.13-20.19.54:303][577]LogBlueprint:Warning: [compiler] Warning Unable to find variable with name 'playerCon' for  Set playerCon 
[2014.10.13-20.19.54:303][577]LogBlueprint:Warning: [compiler] Warning Unable to find variable with name 'listOfPlayers' for  Get listOfPlayers 
[2014.10.13-20.19.54:303][577]LogBlueprint:Warning: [compiler] Warning Unable to find variable with name 'teamName' for  Get teamName 
[2014.10.13-20.19.54:304][577]LogBlueprint:Warning: [compiler] Warning [0020.30] Compile of spawnGamemode failed. 2 Fatal Issue(s) 4 Warning(s) [in 10 ms]
[2014.10.13-20.20.04:589][973]LogSlate:Warning: GetFontFace failed to load or process 'Roboto-Regular'
[2014.10.13-20.20.04:589][973]LogSlate:Warning: GetFontFace failed to load or process 'Roboto-Regular'
[2014.10.13-20.20.04:592][973]LogSlate:Warning: GetFontFace failed to load or process 'Roboto-Regular'
[2014.10.13-20.20.04:592][973]LogSlate:Warning: GetFontFace failed to load or process 'Roboto-Regular'
[2014.10.13-20.20.04:593][973]LogSlate:Warning: GetFontFace failed to load or process 'Roboto-Regular'
[2014.10.13-20.20.04:593][973]LogSlate:Warning: GetFontFace failed to load or process 'Roboto-Regular'
[2014.10.13-20.20.04:593][973]LogSlate:Warning: GetFontFace failed to load or process 'Roboto-Regular'
[2014.10.13-20.20.04:593][973]LogSlate:Warning: GetFontFace failed to load or process 'Roboto-Regular'
[2014.10.13-20.20.04:593][973]LogSlate:Warning: GetFontFace failed to load or process 'Roboto-Regular'
[2014.10.13-20.20.04:593][973]LogSlate:Warning: GetFontFace failed to load or process 'Roboto-Regular'
[2014.10.13-20.20.04:593][973]LogSlate:Warning: GetFontFace failed to load or process 'Roboto-Regular'
[2014.10.13-20.20.04:593][973]LogSlate:Warning: GetFontFace failed to load or process 'Roboto-Regular'
[2014.10.13-20.20.04:593][973]LogSlate:Warning: GetFontFace failed to load or process 'Roboto-Regular'
[2014.10.13-20.20.04:593][973]LogSlate:Warning: GetFontFace failed to load or process 'Roboto-Regular'
[2014.10.13-20.20.04:593][973]LogSlate:Warning: GetFontFace failed to load or process 'Roboto-Regular'
[2014.10.13-20.20.04:593][973]LogSlate:Warning: GetFontFace failed to load or process 'Roboto-Regular'
[2014.10.13-20.20.04:593][973]LogSlate:Warning: GetFontFace failed to load or process 'Roboto-Regular'
[2014.10.13-20.20.04:593][973]LogSlate:Warning: GetFontFace failed to load or process 'Roboto-Regular'
[2014.10.13-20.20.04:593][973]LogSlate:Warning: GetFontFace failed to load or process 'Roboto-Regular'
[2014.10.13-20.20.04:594][973]LogSlate:Warning: GetFontFace failed to load or process 'Roboto-Regular'
[2014.10.13-20.20.04:594][973]LogSlate:Warning: GetFontFace failed to load or process 'Roboto-Regular'
[2014.10.13-20.20.04:594][973]LogSlate:Warning: GetFontFace failed to load or process 'Roboto-Regular'
[2014.10.13-20.20.04:594][973]LogSlate:Warning: GetFontFace failed to load or process 'Roboto-Regular'
[2014.10.13-20.20.10:097][240]BlueprintLog: New page: Compile spawnGamemode
[2014.10.13-20.20.10:142][240]LogBlueprint:Error: [compiler] Error The type of  TargetArray  is undetermined.  Connect something to  Add  to imply a specific type.
[2014.10.13-20.20.10:142][240]LogBlueprint:Error: [compiler] Error The type of  NewItem  is undetermined.  Connect something to  Add  to imply a specific type.
[2014.10.13-20.20.10:142][240]LogBlueprint:Warning: [compiler] Warning Unable to find variable with name 'teamName' for  Set teamName 
[2014.10.13-20.20.10:142][240]LogBlueprint:Warning: [compiler] Warning Unable to find variable with name 'playerCon' for  Set playerCon 
[2014.10.13-20.20.10:143][240]LogBlueprint:Warning: [compiler] Warning Unable to find variable with name 'listOfPlayers' for  Get listOfPlayers 
[2014.10.13-20.20.10:143][240]LogBlueprint:Warning: [compiler] Warning Unable to find variable with name 'teamName' for  Get teamName 
[2014.10.13-20.20.10:143][240]LogBlueprint:Error: [compiler] Error Default value '' for  SpawnTransform  is invalid: 'Literal values are not allowed for pass-by-reference parameters.'
[2014.10.13-20.20.10:144][240]LogBlueprint:Error: [compiler] Error Default value '' for  SpawnTransform  is invalid: 'Literal values are not allowed for pass-by-reference parameters.'
[2014.10.13-20.20.10:144][240]LogBlueprint:Warning: [compiler] Warning [0036.14] Compile of spawnGamemode failed. 4 Fatal Issue(s) 4 Warning(s) [in 12 ms]
[2014.10.13-20.20.10:396][240]BlueprintEditorCompileResults:Error: Error The type of  TargetArray  is undetermined.  Connect something to  Add  to imply a specific type.
[2014.10.13-20.20.10:396][240]BlueprintEditorCompileResults:Error: Error The type of  NewItem  is undetermined.  Connect something to  Add  to imply a specific type.
[2014.10.13-20.20.10:396][240]BlueprintEditorCompileResults:Warning: Warning Unable to find variable with name 'teamName' for  Set teamName 
[2014.10.13-20.20.10:397][240]BlueprintEditorCompileResults:Warning: Warning Unable to find variable with name 'playerCon' for  Set playerCon 
[2014.10.13-20.20.10:397][240]BlueprintEditorCompileResults:Warning: Warning Unable to find variable with name 'listOfPlayers' for  Get listOfPlayers 
[2014.10.13-20.20.10:397][240]BlueprintEditorCompileResults:Warning: Warning Unable to find variable with name 'teamName' for  Get teamName 
[2014.10.13-20.20.10:397][240]BlueprintEditorCompileResults:Error: Error Default value '' for  SpawnTransform  is invalid: 'Literal values are not allowed for pass-by-reference parameters.'
[2014.10.13-20.20.10:397][240]BlueprintEditorCompileResults:Error: Error Default value '' for  SpawnTransform  is invalid: 'Literal values are not allowed for pass-by-reference parameters.'
[2014.10.13-20.20.10:397][240]BlueprintEditorCompileResults:Warning: Warning [0036.14] Compile of spawnGamemode failed. 4 Fatal Issue(s) 4 Warning(s) [in 12 ms]
[2014.10.13-20.22.46:507][638]BlueprintLog: New page: Compile spawnGamemode
[2014.10.13-20.22.46:551][638]LogBlueprint:Error: [compiler] Error The type of  TargetArray  is undetermined.  Connect something to  Add  to imply a specific type.
[2014.10.13-20.22.46:551][638]LogBlueprint:Error: [compiler] Error The type of  NewItem  is undetermined.  Connect something to  Add  to imply a specific type.
[2014.10.13-20.22.46:551][638]LogBlueprint:Warning: [compiler] Warning Unable to find variable with name 'teamName' for  Set teamName 
[2014.10.13-20.22.46:552][638]LogBlueprint:Warning: [compiler] Warning Unable to find variable with name 'playerCon' for  Set playerCon 
[2014.10.13-20.22.46:552][638]LogBlueprint:Warning: [compiler] Warning Unable to find variable with name 'listOfPlayers' for  Get listOfPlayers 
[2014.10.13-20.22.46:552][638]LogBlueprint:Warning: [compiler] Warning Unable to find variable with name 'teamName' for  Get teamName 
[2014.10.13-20.22.46:553][638]LogBlueprint:Warning: [compiler] Warning [0192.55] Compile of spawnGamemode failed. 2 Fatal Issue(s) 4 Warning(s) [in 9 ms]
[2014.10.13-20.22.46:707][638]BlueprintEditorCompileResults:Error: Error The type of  TargetArray  is undetermined.  Connect something to  Add  to imply a specific type.
[2014.10.13-20.22.46:708][638]BlueprintEditorCompileResults:Error: Error The type of  NewItem  is undetermined.  Connect something to  Add  to imply a specific type.
[2014.10.13-20.22.46:708][638]BlueprintEditorCompileResults:Warning: Warning Unable to find variable with name 'teamName' for  Set teamName 
[2014.10.13-20.22.46:708][638]BlueprintEditorCompileResults:Warning: Warning Unable to find variable with name 'playerCon' for  Set playerCon 
[2014.10.13-20.22.46:708][638]BlueprintEditorCompileResults:Warning: Warning Unable to find variable with name 'listOfPlayers' for  Get listOfPlayers 
[2014.10.13-20.22.46:708][638]BlueprintEditorCompileResults:Warning: Warning Unable to find variable with name 'teamName' for  Get teamName 
[2014.10.13-20.22.46:708][638]BlueprintEditorCompileResults:Warning: Warning [0192.55] Compile of spawnGamemode failed. 2 Fatal Issue(s) 4 Warning(s) [in 9 ms]
[2014.10.13-20.23.38:270][ 75]BlueprintLog:Warning: Warning Blueprint MyHUD has been migrated and requires re-saving to avoid import errors
[2014.10.13-20.23.38:271][ 75]BlueprintLog:Warning: Warning Blueprint MyGame has been migrated and requires re-saving to avoid import errors
[2014.10.13-20.23.39:710][139]LogSlate:Warning: Prevented a slow task dialog from being summoned while a context menu was open
[2014.10.13-20.23.46:014][454]LogPlayLevel: PIE:  No blueprints needed recompiling
[2014.10.13-20.23.47:278][454]PIE:Warning: Warning Not enough login credentials to launch all PIE instances, modify [/Script/UnrealEd.UnrealEdEngine].PIELogins
[2014.10.13-20.23.47:280][454]PIE: New page: PIE session: Example_Map (Oct 13, 2014, 6:23:47 AM)
[2014.10.13-20.23.47:313][454]LogPlayLevel: PIE: StaticDuplicateObject took: (0.032410s)
[2014.10.13-20.23.47:314][454]LogPlayLevel: PIE: World Init took: (0.001115s)
[2014.10.13-20.23.47:314][454]LogPlayLevel: PIE: Created PIE world by copying editor world from /Game/Maps/Example_Map.Example_Map to /Game/Maps/UEDPIE_1_Example_Map.Example_Map (0.033943s)
[2014.10.13-20.23.47:366][454]LogWorld: Game class is 'spawnGamemode_C'
[2014.10.13-20.23.47:393][454]LogAIModule: Creating AISystem for world Example_Map
[2014.10.13-20.23.47:395][454]LogWorld: Bringing World /Game/Maps/UEDPIE_1_Example_Map.Example_Map up for play (max tick rate 60) at 2014.10.13-13.23.47
[2014.10.13-20.23.47:396][454]LogWorld: Bringing up level for play took: 0.002606
[2014.10.13-20.23.47:397][454]LogInit: WinSock: Socket queue 131072 / 131072
[2014.10.13-20.23.47:400][454]LogInit: WinSock: I am Christians-PC (10.123.136.246:0)
[2014.10.13-20.23.47:401][454]LogNet: GameNetDriver IpNetDriver_0 IpNetDriver listening on port 7777
[2014.10.13-20.23.47:401][454]PIE: Info Play in editor start time for /Game/Maps/UEDPIE_1_Example_Map 0.61
[2014.10.13-20.23.47:402][454]PIE: New page: PIE session: Example_Map (Oct 13, 2014, 6:23:47 AM)
[2014.10.13-20.23.47:443][454]LogNet: Browse: 127.0.0.1//Game/Maps/Example_Map
[2014.10.13-20.23.47:443][454]LogInit: WinSock: Socket queue 32768 / 32768
[2014.10.13-20.23.47:444][454]LogNet: Game client on port 7777, rate 10000
[2014.10.13-20.23.47:448][454]PIE: Info Play in editor start time for /Game/Maps/Example_Map 0.658
[2014.10.13-20.23.47:449][454]LogNet: NotifyAcceptingConnection: Server Example_Map accept
[2014.10.13-20.23.47:449][454]LogNet: Open Example_Map 10/13/14 13:23:47 127.0.0.1
[2014.10.13-20.23.47:449][454]LogNet: Added client connection.  Remote address = 127.0.0.1:59775
[2014.10.13-20.23.47:449][454]LogNet: NotifyAcceptingChannel Control 0 server World /Game/Maps/UEDPIE_1_Example_Map.Example_Map: Accepted
[2014.10.13-20.23.47:449][454]LogNet: Remote platform little endian=1
[2014.10.13-20.23.47:449][454]LogNet: This platform little endian=1
[2014.10.13-20.23.47:553][455]LogNet: Login request: /Game/Maps/Example_Map userId: Invalid
[2014.10.13-20.23.47:553][455]LogNet: Client netspeed is 10000
[2014.10.13-20.23.47:556][455]LogNet: Welcomed by server (Level: /Game/Maps/UEDPIE_1_Example_Map, Game: /Game/Blueprints/Blueprints/spawnGamemode.spawnGamemode_C)
[2014.10.13-20.23.47:589][455]LogLoad: LoadMap: 127.0.0.1//Game/Maps/UEDPIE_1_Example_Map?game=/Game/Blueprints/Blueprints/spawnGamemode.spawnGamemode_C
[2014.10.13-20.23.47:627][455]LogParticles: Destroying 0 GPU particle simulations for FXSystem 0x0000006251DA9800
[2014.10.13-20.23.47:639][455]Cmd: MEM
[2014.10.13-20.23.47:666][455]LogMemory: Platform Memory Stats for Windows
[2014.10.13-20.23.47:666][455]LogMemory: Process Physical Memory: 468.32 MB used, 479.58 MB peak
[2014.10.13-20.23.47:666][455]LogMemory: Process Virtual Memory: 378.01 MB used, 391.69 MB peak
[2014.10.13-20.23.47:666][455]LogMemory: Physical Memory: 3382.56 MB used, 8076.88 MB total
[2014.10.13-20.23.47:666][455]LogMemory: Virtual Memory: 908.22 MB used, 134217728.00 MB total
[2014.10.13-20.23.47:666][455]LogMemory: 
[2014.10.13-20.23.47:666][455]Allocator Stats for TBB: (not implemented)
[2014.10.13-20.23.47:666][455]LogLinker: Can't find file for asset '/Game/Maps/UEDPIE_1_Example_Map' while loading NULL.
[2014.10.13-20.23.47:692][455]LogWorld: PIE: Copying PIE streaming level from /Game/Maps/Example_Map.Example_Map to /Game/Maps/UEDPIE_2_Example_Map.Example_Map. OwningWorld: None
[2014.10.13-20.23.47:697][455]LogWorld: Bringing World /Game/Maps/UEDPIE_2_Example_Map.Example_Map up for play (max tick rate 60) at 2014.10.13-13.23.47
[2014.10.13-20.23.47:697][455]LogWorld: Bringing up level for play took: 0.002327
[2014.10.13-20.23.47:714][456]LogNet: Join request: /Game/Maps/Example_Map?SplitscreenCount=1
[2014.10.13-20.23.47:715][456]LogGameMode: Warning - PATHS NOT DEFINED or NO PLAYERSTART with positive rating
[2014.10.13-20.23.47:716][456]LogNet: Join succeeded: 257
[2014.10.13-20.23.53:573][724]LogNet: UChannel::CleanUp: [GameNetDriver] [PlayerController_2] [PlayerController_2]. ChIndex == 0. Closing connection.
[2014.10.13-20.23.53:573][724]LogNet: UNetConnection::Close: Name: IpConnection_1, Driver: GameNetDriver IpNetDriver_0, PC: PlayerController_2, Owner: PlayerController_2, Channels: 10, RemoteAddr: 127.0.0.1:59775, Time: 2014.10.13-20.23.53
[2014.10.13-20.23.53:573][724]LogNet: UChannel::Close: Sending CloseBunch. ChIndex == 0. Name: ControlChannel_1
[2014.10.13-20.23.53:573][724]LogNet: UChannel::CleanUp: [GameNetDriver] [PlayerController_3] [PlayerController_3]. ChIndex == 0. Closing connection.
[2014.10.13-20.23.53:573][724]LogNet: UNetConnection::Close: Name: IpConnection_0, Driver: GameNetDriver IpNetDriver_1, PC: PlayerController_3, Owner: PlayerController_3, Channels: 10, RemoteAddr: 127.0.0.1:7777, Time: 2014.10.13-20.23.53
[2014.10.13-20.23.53:573][724]LogNet: UChannel::Close: Sending CloseBunch. ChIndex == 0. Name: ControlChannel_0
[2014.10.13-20.23.53:575][724]LogExit: GameNetDriver None shut down
[2014.10.13-20.23.53:575][724]LogExit: GameNetDriver None shut down
[2014.10.13-20.23.53:575][724]LogParticles: Destroying 0 GPU particle simulations for FXSystem 0x0000006247849440
[2014.10.13-20.23.53:601][725]LogParticles: Destroying 0 GPU particle simulations for FXSystem 0x0000006251DAB4C0
[2014.10.13-20.23.57:169][914]Cmd: SELECT NONE
[2014.10.13-20.24.54:577][813]LogSlate:Warning: GetFontFace failed to load or process 'Roboto-Regular'
[2014.10.13-20.24.54:577][813]LogSlate:Warning: GetFontFace failed to load or process 'Roboto-Regular'
[2014.10.13-20.24.54:577][813]LogSlate:Warning: GetFontFace failed to load or process 'Roboto-Regular'
[2014.10.13-20.24.54:577][813]LogSlate:Warning: GetFontFace failed to load or process 'Roboto-Regular'
[2014.10.13-20.25.14:065][823]BlueprintLog: New page: Compile spawnGamemode
[2014.10.13-20.25.14:109][823]LogBlueprint:Error: [compiler] Error The type of  TargetArray  is undetermined.  Connect something to  Add  to imply a specific type.
[2014.10.13-20.25.14:109][823]LogBlueprint:Error: [compiler] Error The type of  NewItem  is undetermined.  Connect something to  Add  to imply a specific type.
[2014.10.13-20.25.14:109][823]LogBlueprint:Warning: [compiler] Warning Unable to find variable with name 'teamName' for  Set teamName 
[2014.10.13-20.25.14:110][823]LogBlueprint:Warning: [compiler] Warning Unable to find variable with name 'playerCon' for  Set playerCon 
[2014.10.13-20.25.14:110][823]LogBlueprint:Warning: [compiler] Warning Unable to find variable with name 'listOfPlayers' for  Get listOfPlayers 
[2014.10.13-20.25.14:110][823]LogBlueprint:Warning: [compiler] Warning Unable to find variable with name 'teamName' for  Get teamName 
[2014.10.13-20.25.14:111][823]LogBlueprint:Warning: [compiler] Warning [0340.11] Compile of spawnGamemode failed. 2 Fatal Issue(s) 4 Warning(s) [in 10 ms]
[2014.10.13-20.25.14:296][823]BlueprintEditorCompileResults:Error: Error The type of  TargetArray  is undetermined.  Connect something to  Add  to imply a specific type.
[2014.10.13-20.25.14:296][823]BlueprintEditorCompileResults:Error: Error The type of  NewItem  is undetermined.  Connect something to  Add  to imply a specific type.
[2014.10.13-20.25.14:296][823]BlueprintEditorCompileResults:Warning: Warning Unable to find variable with name 'teamName' for  Set teamName 
[2014.10.13-20.25.14:296][823]BlueprintEditorCompileResults:Warning: Warning Unable to find variable with name 'playerCon' for  Set playerCon 
[2014.10.13-20.25.14:296][823]BlueprintEditorCompileResults:Warning: Warning Unable to find variable with name 'listOfPlayers' for  Get listOfPlayers 
[2014.10.13-20.25.14:296][823]BlueprintEditorCompileResults:Warning: Warning Unable to find variable with name 'teamName' for  Get teamName 
[2014.10.13-20.25.14:296][823]BlueprintEditorCompileResults:Warning: Warning [0340.11] Compile of spawnGamemode failed. 2 Fatal Issue(s) 4 Warning(s) [in 10 ms]
[2014.10.13-20.28.29:086][307]Cmd: OBJ SAVEPACKAGE PACKAGE="/Game/Blueprints/Blueprints/spawnGamemode" FILE="../../../../../../Users/Christian/Desktop/ssctf/Content/Blueprints/Blueprints/spawnGamemode.uasset" SILENT=true
[2014.10.13-20.28.29:143][307]LogSavePackage: Save=51.300308ms
[2014.10.13-20.28.29:143][307]LogSavePackage: Moving '../../../../../../Users/Christian/Desktop/ssctf/Saved/spawnGamemodeF6E84BA940C62D3DBF76FF9DF8E00959.tmp' to '../../../../../../Users/Christian/Desktop/ssctf/Content/Blueprints/Blueprints/spawnGamemode.uasset'
[2014.10.13-20.28.58:564][791]Cmd: QUIT_EDITOR
[2014.10.13-20.28.58:719][791]LogWindowsTextInputMethodSystem:Error: Terminating failed while unadvising the language notification sink from the TSF source.
[2014.10.13-20.28.58:720][791]LogExit: Preparing to exit.
[2014.10.13-20.28.59:072][791]LogExit: Editor shut down
[2014.10.13-20.28.59:073][791]LogExit: Transaction tracking system shut down
[2014.10.13-20.28.59:073][791]LogParticles: Destroying 0 GPU particle simulations for FXSystem 0x0000006241A71E40
[2014.10.13-20.28.59:074][791]LogParticles: Destroying 0 GPU particle simulations for FXSystem 0x000000623DDEB740
[2014.10.13-20.28.59:074][791]LogParticles: Destroying 0 GPU particle simulations for FXSystem 0x000000623EE43560
[2014.10.13-20.28.59:074][791]LogParticles: Destroying 0 GPU particle simulations for FXSystem 0x0000006250D8F600
[2014.10.13-20.28.59:099][791]LogParticles: Destroying 0 GPU particle simulations for FXSystem 0x000000625085DB20
[2014.10.13-20.28.59:099][791]LogExit: Object subsystem successfully closed.
[2014.10.13-20.28.59:133][791]LogModuleManager: Shutting down and abandoning module AndroidDeviceDetection (162)
[2014.10.13-20.28.59:133][791]LogModuleManager: Shutting down and abandoning module HTTP (161)
[2014.10.13-20.28.59:133][791]LogModuleManager: Shutting down and abandoning module ExternalImagePicker (160)
[2014.10.13-20.28.59:133][791]LogModuleManager: Shutting down and abandoning module CrashTracker (159)
[2014.10.13-20.28.59:133][791]LogModuleManager: Shutting down and abandoning module SuperSearch (158)
[2014.10.13-20.28.59:133][791]LogModuleManager: Shutting down and abandoning module SceneOutliner (157)
[2014.10.13-20.28.59:133][791]LogModuleManager: Shutting down and abandoning module EditorWidgets (156)
[2014.10.13-20.28.59:133][791]LogModuleManager: Shutting down and abandoning module CollectionManager (155)
[2014.10.13-20.28.59:133][791]LogModuleManager: Shutting down and abandoning module StatsViewer (154)
[2014.10.13-20.28.59:133][791]LogModuleManager: Shutting down and abandoning module FoliageEdit (153)
[2014.10.13-20.28.59:133][791]LogModuleManager: Shutting down and abandoning module LandscapeEditor (152)
[2014.10.13-20.28.59:134][791]LogModuleManager: Shutting down and abandoning module MeshPaint (151)
[2014.10.13-20.28.59:134][791]LogModuleManager: Shutting down and abandoning module ActorPickerMode (150)
[2014.10.13-20.28.59:134][791]LogModuleManager: Shutting down and abandoning module GeometryMode (149)
[2014.10.13-20.28.59:134][791]LogModuleManager: Shutting down and abandoning module TextureAlignMode (148)
[2014.10.13-20.28.59:134][791]LogModuleManager: Shutting down and abandoning module BspMode (147)
[2014.10.13-20.28.59:134][791]LogModuleManager: Shutting down and abandoning module PlacementMode (146)
[2014.10.13-20.28.59:134][791]LogModuleManager: Shutting down and abandoning module DesktopPlatform (145)
[2014.10.13-20.28.59:134][791]LogModuleManager: Shutting down and abandoning module AutomationWorker (144)
[2014.10.13-20.28.59:134][791]LogModuleManager: Shutting down and abandoning module EditorLiveStreaming (143)
[2014.10.13-20.28.59:134][791]LogModuleManager: Shutting down and abandoning module BehaviorTreeEditor (142)
[2014.10.13-20.28.59:134][791]LogModuleManager: Shutting down and abandoning module DeviceProfileEditor (141)
[2014.10.13-20.28.59:134][791]LogModuleManager: Shutting down and abandoning module UndoHistory (140)
[2014.10.13-20.28.59:134][791]LogModuleManager: Shutting down and abandoning module GameplayTagsEditor (139)
[2014.10.13-20.28.59:134][791]LogModuleManager: Shutting down and abandoning module UserFeedback (138)
[2014.10.13-20.28.59:134][791]LogModuleManager: Shutting down and abandoning module XmlParser (137)
[2014.10.13-20.28.59:134][791]LogModuleManager: Shutting down and abandoning module Blutility (136)
[2014.10.13-20.28.59:134][791]LogModuleManager: Shutting down and abandoning module IOSPlatformEditor (135)
[2014.10.13-20.28.59:134][791]LogModuleManager: Shutting down and abandoning module IOSRuntimeSettings (134)
[2014.10.13-20.28.59:134][791]LogModuleManager: Shutting down and abandoning module AndroidPlatformEditor (133)
[2014.10.13-20.28.59:134][791]LogModuleManager: Shutting down and abandoning module AndroidRuntimeSettings (132)
[2014.10.13-20.28.59:134][791]LogModuleManager: Shutting down and abandoning module ProjectTargetPlatformEditor (131)
[2014.10.13-20.28.59:134][791]LogModuleManager: Shutting down and abandoning module ProjectSettingsViewer (130)
[2014.10.13-20.28.59:134][791]LogModuleManager: Shutting down and abandoning module InputBindingEditor (129)
[2014.10.13-20.28.59:134][791]LogModuleManager: Shutting down and abandoning module EditorSettingsViewer (128)
[2014.10.13-20.28.59:134][791]LogModuleManager: Shutting down and abandoning module SettingsEditor (127)
[2014.10.13-20.28.59:134][791]LogModuleManager: Shutting down and abandoning module SessionLauncher (126)
[2014.10.13-20.28.59:134][791]LogModuleManager: Shutting down and abandoning module SessionFrontend (125)
[2014.10.13-20.28.59:134][791]LogModuleManager: Shutting down and abandoning module ProfilerClient (124)
[2014.10.13-20.28.59:134][791]LogModuleManager: Shutting down and abandoning module TargetDeviceServices (123)
[2014.10.13-20.28.59:134][791]LogModuleManager: Shutting down and abandoning module DeviceManager (122)
[2014.10.13-20.28.59:134][791]LogModuleManager: Shutting down and abandoning module AutomationController (121)
[2014.10.13-20.28.59:134][791]LogModuleManager: Shutting down and abandoning module AutomationWindow (120)
[2014.10.13-20.28.59:134][791]LogModuleManager: Shutting down and abandoning module Layers (119)
[2014.10.13-20.28.59:134][791]LogModuleManager: Shutting down and abandoning module ComponentVisualizers (118)
[2014.10.13-20.28.59:134][791]LogModuleManager: Shutting down and abandoning module DetailCustomizations (117)
[2014.10.13-20.28.59:134][791]LogModuleManager: Shutting down and abandoning module PackagesDialog (116)
[2014.10.13-20.28.59:135][791]LogModuleManager: Shutting down and abandoning module DirectoryWatcher (115)
[2014.10.13-20.28.59:135][791]LogModuleManager: Shutting down and abandoning module AssetRegistry (114)
[2014.10.13-20.28.59:165][791]LogModuleManager: Shutting down and abandoning module Persona (113)
[2014.10.13-20.28.59:165][791]LogModuleManager: Shutting down and abandoning module GraphEditor (112)
[2014.10.13-20.28.59:165][791]LogModuleManager: Shutting down and abandoning module ClassViewer (111)
[2014.10.13-20.28.59:165][791]LogModuleManager: Shutting down and abandoning module Toolbox (110)
[2014.10.13-20.28.59:165][791]LogModuleManager: Shutting down and abandoning module ModuleUI (109)
[2014.10.13-20.28.59:165][791]LogModuleManager: Shutting down and abandoning module Sequencer (108)
[2014.10.13-20.28.59:165][791]LogModuleManager: Shutting down and abandoning module MovieSceneTools (107)
[2014.10.13-20.28.59:165][791]LogModuleManager: Shutting down and abandoning module OutputLog (106)
[2014.10.13-20.28.59:165][791]LogModuleManager: Shutting down and abandoning module GammaUI (105)
[2014.10.13-20.28.59:165][791]LogModuleManager: Shutting down and abandoning module Documentation (104)
[2014.10.13-20.28.59:165][791]LogModuleManager: Shutting down and abandoning module GameLiveStreaming (103)
[2014.10.13-20.28.59:165][791]LogModuleManager: Shutting down and abandoning module StreamingPauseRendering (102)
[2014.10.13-20.28.59:165][791]LogModuleManager: Shutting down and abandoning module AnalyticsET (101)
[2014.10.13-20.28.59:165][791]LogModuleManager: Shutting down and abandoning module Analytics (100)
[2014.10.13-20.28.59:165][791]LogModuleManager: Shutting down and abandoning module GameplayDebugger (99)
[2014.10.13-20.28.59:165][791]LogModuleManager: Shutting down and abandoning module AIModule (98)
[2014.10.13-20.28.59:165][791]LogModuleManager: Shutting down and abandoning module ProfilerService (97)
[2014.10.13-20.28.59:274][791]LogModuleManager: Shutting down and abandoning module TaskGraph (96)
[2014.10.13-20.28.59:274][791]LogModuleManager: Shutting down and abandoning module SlateRemote (95)
[2014.10.13-20.28.59:274][791]LogModuleManager: Shutting down and abandoning module ScriptEditorPlugin (94)
[2014.10.13-20.28.59:274][791]LogModuleManager: Shutting down and abandoning module CustomMeshComponent (93)
[2014.10.13-20.28.59:274][791]LogModuleManager: Shutting down and abandoning module CableComponent (92)
[2014.10.13-20.28.59:274][791]LogModuleManager: Shutting down and abandoning module MessagingDebugger (91)
[2014.10.13-20.28.59:274][791]LogModuleManager: Shutting down and abandoning module ViewportSnapping (90)
[2014.10.13-20.28.59:274][791]LogModuleManager: Shutting down and abandoning module SmartSnapping (89)
[2014.10.13-20.28.59:274][791]LogModuleManager: Shutting down and abandoning module PaperTiledImporter (88)
[2014.10.13-20.28.59:274][791]LogModuleManager: Shutting down and abandoning module PaperJsonImporter (87)
[2014.10.13-20.28.59:274][791]LogModuleManager: Shutting down and abandoning module GameProjectGeneration (86)
[2014.10.13-20.28.59:274][791]LogModuleManager: Shutting down and abandoning module Matinee (85)
[2014.10.13-20.28.59:274][791]LogModuleManager: Shutting down and abandoning module Kismet (84)
[2014.10.13-20.28.59:274][791]LogModuleManager: Shutting down and abandoning module SlateReflector (83)
[2014.10.13-20.28.59:274][791]LogModuleManager: Shutting down and abandoning module LevelEditor (82)
[2014.10.13-20.28.59:275][791]LogModuleManager: Shutting down and abandoning module IntroTutorials (81)
[2014.10.13-20.28.59:275][791]LogModuleManager: Shutting down and abandoning module ContentBrowser (80)
[2014.10.13-20.28.59:275][791]LogModuleManager: Shutting down and abandoning module PropertyEditor (79)
[2014.10.13-20.28.59:276][791]LogModuleManager: Shutting down and abandoning module AssetTools (78)
[2014.10.13-20.28.59:276][791]LogModuleManager: Shutting down and abandoning module Paper2DEditor (77)
[2014.10.13-20.28.59:276][791]LogModuleManager: Shutting down and abandoning module SpeedTreeImporter (76)
[2014.10.13-20.28.59:276][791]LogModuleManager: Shutting down and abandoning module PluginsEditor (75)
[2014.10.13-20.28.59:276][791]LogModuleManager: Shutting down and abandoning module MainFrame (74)
[2014.10.13-20.28.59:276][791]LogModuleManager: Shutting down and abandoning module EpicSurvey (73)
[2014.10.13-20.28.59:276][791]LogModuleManager: Shutting down and abandoning module VisualStudioSourceCodeAccess (72)
[2014.10.13-20.28.59:276][791]LogModuleManager: Shutting down and abandoning module UObjectPlugin (71)
[2014.10.13-20.28.59:276][791]LogModuleManager: Shutting down and abandoning module SubversionSourceControl (70)
[2014.10.13-20.28.59:276][791]LogModuleManager: Shutting down and abandoning module SourceControl (69)
[2014.10.13-20.28.59:276][791]LogModuleManager: Shutting down and abandoning module PerforceSourceControl (68)
[2014.10.13-20.28.59:276][791]LogModuleManager: Shutting down and abandoning module BlankPlugin (67)
[2014.10.13-20.28.59:276][791]LogModuleManager: Shutting down and abandoning module ScriptPlugin (66)
[2014.10.13-20.28.59:276][791]LogModuleManager: Shutting down and abandoning module UdpMessaging (65)
[2014.10.13-20.28.59:376][791]LogModuleManager: Shutting down and abandoning module Paper2D (64)
[2014.10.13-20.28.59:376][791]LogModuleManager: Shutting down and abandoning module WindowsMoviePlayer (63)
[2014.10.13-20.28.59:379][791]LogModuleManager: Shutting down and abandoning module ImageWrapper (62)
[2014.10.13-20.28.59:379][791]LogModuleManager: Shutting down and abandoning module OnlineBlueprintSupport (61)
[2014.10.13-20.28.59:379][791]LogModuleManager: Shutting down and abandoning module FunctionalTesting (60)
[2014.10.13-20.28.59:379][791]LogModuleManager: Shutting down and abandoning module CollisionAnalyzer (59)
[2014.10.13-20.28.59:379][791]LogModuleManager: Shutting down and abandoning module WorkspaceMenuStructure (58)
[2014.10.13-20.28.59:379][791]LogModuleManager: Shutting down and abandoning module MessageLog (57)
[2014.10.13-20.28.59:379][791]LogModuleManager: Shutting down and abandoning module UMGEditor (56)
[2014.10.13-20.28.59:379][791]LogModuleManager: Shutting down and abandoning module UMG (55)
[2014.10.13-20.28.59:379][791]LogModuleManager: Shutting down and abandoning module Slate (54)
[2014.10.13-20.28.59:379][791]LogModuleManager: Shutting down and abandoning module EditorStyle (53)
[2014.10.13-20.28.59:381][791]LogModuleManager: Shutting down and abandoning module SessionServices (52)
[2014.10.13-20.28.59:381][791]LogModuleManager: Shutting down and abandoning module SourceCodeAccess (51)
[2014.10.13-20.28.59:381][791]LogModuleManager: Shutting down and abandoning module HeadMountedDisplay (50)
[2014.10.13-20.28.59:381][791]LogModuleManager: Shutting down and abandoning module XAudio2 (49)
[2014.10.13-20.28.59:381][791]LogModuleManager: Shutting down and abandoning module Networking (47)
[2014.10.13-20.28.59:381][791]LogModuleManager: Shutting down and abandoning module Core (46)
[2014.10.13-20.28.59:381][791]LogModuleManager: Shutting down and abandoning module KismetCompiler (45)
[2014.10.13-20.28.59:381][791]LogModuleManager: Shutting down and abandoning module PhysXFormats (44)
[2014.10.13-20.28.59:381][791]LogModuleManager: Shutting down and abandoning module MeshUtilities (43)
[2014.10.13-20.28.59:381][791]LogModuleManager: Shutting down and abandoning module DerivedDataCache (42)
[2014.10.13-20.28.59:462][791]LogDerivedDataCache: Shutdown
[2014.10.13-20.28.59:462][791]LogModuleManager: Shutting down and abandoning module ShaderFormatOpenGL (41)
[2014.10.13-20.28.59:462][791]LogModuleManager: Shutting down and abandoning module ShaderFormatD3D (40)
[2014.10.13-20.28.59:462][791]LogModuleManager: Shutting down and abandoning module MetalShaderFormat (39)
[2014.10.13-20.28.59:462][791]LogModuleManager: Shutting down and abandoning module TextureFormatUncompressed (38)
[2014.10.13-20.28.59:462][791]LogModuleManager: Shutting down and abandoning module TextureFormatPVR (37)
[2014.10.13-20.28.59:462][791]LogModuleManager: Shutting down and abandoning module TextureFormatDXT (36)
[2014.10.13-20.28.59:462][791]LogModuleManager: Shutting down and abandoning module TextureFormatAndroid (35)
[2014.10.13-20.28.59:462][791]LogModuleManager: Shutting down and abandoning module AudioFormatOpus (34)
[2014.10.13-20.28.59:462][791]LogModuleManager: Shutting down and abandoning module AudioFormatOgg (33)
[2014.10.13-20.28.59:462][791]LogModuleManager: Shutting down and abandoning module AudioFormatADPCM (32)
[2014.10.13-20.28.59:462][791]LogModuleManager: Shutting down and abandoning module Messaging (31)
[2014.10.13-20.28.59:462][791]LogModuleManager: Shutting down and abandoning module IOSTargetPlatform (30)
[2014.10.13-20.28.59:462][791]LogModuleManager: Shutting down and abandoning module Android_PVRTCTargetPlatform (29)
[2014.10.13-20.28.59:462][791]LogModuleManager: Shutting down and abandoning module Android_ETC2TargetPlatform (28)
[2014.10.13-20.28.59:462][791]LogModuleManager: Shutting down and abandoning module Android_ETC1TargetPlatform (27)
[2014.10.13-20.28.59:462][791]LogModuleManager: Shutting down and abandoning module Android_DXTTargetPlatform (26)
[2014.10.13-20.28.59:462][791]LogModuleManager: Shutting down and abandoning module Android_ATCTargetPlatform (25)
[2014.10.13-20.28.59:462][791]LogModuleManager: Shutting down and abandoning module AndroidTargetPlatform (24)
[2014.10.13-20.28.59:462][791]LogModuleManager: Shutting down and abandoning module WindowsTargetPlatform (23)
[2014.10.13-20.28.59:462][791]LogModuleManager: Shutting down and abandoning module WindowsServerTargetPlatform (22)
[2014.10.13-20.28.59:462][791]LogModuleManager: Shutting down and abandoning module WindowsNoEditorTargetPlatform (21)
[2014.10.13-20.28.59:462][791]LogModuleManager: Shutting down and abandoning module WindowsClientTargetPlatform (20)
[2014.10.13-20.28.59:462][791]LogModuleManager: Shutting down and abandoning module TargetPlatform (19)
[2014.10.13-20.28.59:462][791]LogModuleManager: Shutting down and abandoning module InputCore (18)
[2014.10.13-20.28.59:462][791]LogModuleManager: Shutting down and abandoning module Settings (17)
[2014.10.13-20.28.59:462][791]LogModuleManager: Shutting down and abandoning module ExampleDeviceProfileSelector (14)
[2014.10.13-20.28.59:462][791]LogModuleManager: Shutting down and abandoning module OculusRift (13)
[2014.10.13-20.28.59:462][791]LogModuleManager: Shutting down and abandoning module TextureCompressor (12)
[2014.10.13-20.28.59:462][791]LogModuleManager: Shutting down and abandoning module ShaderCore (11)
[2014.10.13-20.28.59:462][791]LogModuleManager: Shutting down and abandoning module OpenGLDrv (10)
[2014.10.13-20.28.59:462][791]LogModuleManager: Shutting down and abandoning module D3D11RHI (9)
[2014.10.13-20.28.59:462][791]LogModuleManager: Shutting down and abandoning module SlateRHIRenderer (8)
[2014.10.13-20.28.59:462][791]LogModuleManager: Shutting down and abandoning module Renderer (7)
[2014.10.13-20.28.59:462][791]LogModuleManager: Shutting down and abandoning module Engine (6)
[2014.10.13-20.28.59:462][791]LogModuleManager: Shutting down and abandoning module CoreUObject (5)
[2014.10.13-20.28.59:462][791]LogModuleManager: Shutting down and abandoning module NetworkFile (4)
[2014.10.13-20.28.59:462][791]LogModuleManager: Shutting down and abandoning module StreamingFile (3)
[2014.10.13-20.28.59:462][791]LogModuleManager: Shutting down and abandoning module SandboxFile (2)
[2014.10.13-20.28.59:462][791]LogModuleManager: Shutting down and abandoning module PakFile (1)
[2014.10.13-20.28.59:464][791]LogExit: Exiting.
[2014.10.13-20.28.59:467][791]Log file closed, 10/13/14 13:28:59
