Log file open, 10/13/14 13:29:38
LogInit:Display: Running engine for game: ssctf
LogInit: Version: 4.4.2-2289767+++depot+UE4-Releases+4.4
LogInit: API Version: 2255576
LogInit: Compiled (64-bit): Sep  8 2014 15:27:03
LogInit: Build Configuration: Development
LogInit: Branch Name: ++depot+UE4-Releases+4.4
LogInit: Command line: 
LogInit: Base directory: C:/Program Files/Unreal Engine/4.4/Engine/Binaries/Win64/
LogInit: Rocket: 1
[2014.10.13-20.29.38:413][  0]LogTaskGraph: Started task graph with 3 named threads and 4 total threads.
[2014.10.13-20.29.38:440][  0]LogOnline:Warning: No default platform service specified for OnlineSubsystem
[2014.10.13-20.29.38:447][  0]LogInit: Presizing for 0 objects not considered by GC, pre-allocating 0 bytes.
[2014.10.13-20.29.38:453][  0]LogInit: Object subsystem initialized
[2014.10.13-20.29.38:455][  0]LogInit: Selected Device Profile: [Windows]
[2014.10.13-20.29.38:455][  0]LogInit: Applying CVar settings loaded from the selected device profile: [Windows]
[2014.10.13-20.29.38:459][  0]LogInit: Computer: CHRISTIANS-PC
[2014.10.13-20.29.38:459][  0]LogInit: User: Christian
[2014.10.13-20.29.38:460][  0]LogInit: CPU Page size=4096, Cores=4
[2014.10.13-20.29.38:460][  0]LogInit: High frequency timer resolution =2.338446 MHz
[2014.10.13-20.29.38:460][  0]LogMemory: Memory total: Physical=7.9GB (8GB approx) Virtual=131072.0GB
[2014.10.13-20.29.38:460][  0]LogMemory: Platform Memory Stats for Windows
[2014.10.13-20.29.38:460][  0]LogMemory: Process Physical Memory: 59.99 MB used, 59.99 MB peak
[2014.10.13-20.29.38:460][  0]LogMemory: Process Virtual Memory: 36.17 MB used, 36.17 MB peak
[2014.10.13-20.29.38:460][  0]LogMemory: Physical Memory: 2891.18 MB used, 8076.88 MB total
[2014.10.13-20.29.38:460][  0]LogMemory: Virtual Memory: 269.87 MB used, 134217728.00 MB total
[2014.10.13-20.29.38:480][  0]LogD3D11RHI: Found D3D11 adapter 0: Intel(R) HD Graphics 4000 (Feature Level 11_0)
[2014.10.13-20.29.38:480][  0]LogD3D11RHI: Adapter has 1039MB of dedicated video memory, 0MB of dedicated system memory, and 4038MB of shared system memory, 1 output[s]
[2014.10.13-20.29.38:481][  0]LogD3D11RHI: Found D3D11 adapter 1: Microsoft Basic Render Driver (Feature Level 11_0)
[2014.10.13-20.29.38:481][  0]LogD3D11RHI: Adapter has 0MB of dedicated video memory, 0MB of dedicated system memory, and 256MB of shared system memory, 0 output[s]
[2014.10.13-20.29.38:481][  0]LogD3D11RHI: Chosen D3D11 Adapter Id = 0
[2014.10.13-20.29.38:485][  0]LogRHI: Texture pool is 1361 MB (70% of 1945 MB)
[2014.10.13-20.29.38:493][  0]LogD3D11RHI: Async texture creation enabled
[2014.10.13-20.29.38:594][  0]LogContentStreaming: Texture pool size is 0.000000MB
[2014.10.13-20.29.39:892][  0]LogTargetPlatformManager:Display: Building Assets For Windows
[2014.10.13-20.29.40:231][  0]LogTargetPlatformManager:Display: Building Assets For Windows
[2014.10.13-20.29.40:264][  0]LogDerivedDataCache:Display: Max Cache Size: 512 MB
[2014.10.13-20.29.40:299][  0]LogDerivedDataCache: Loaded boot cache 0.04s 39MB C:/Users/Christian/AppData/Local/UnrealEngine/4.4/DerivedDataCache/Boot.ddc.
[2014.10.13-20.29.40:299][  0]LogDerivedDataCache:Display: Loaded Boot cache: C:/Users/Christian/AppData/Local/UnrealEngine/4.4/DerivedDataCache/Boot.ddc
[2014.10.13-20.29.40:299][  0]LogDerivedDataCache: FDerivedDataBackendGraph:  Pak pak cache file ../../../../../../Users/Christian/Desktop/ssctf/DerivedDataCache/DDC.ddp not found, will not use a pak cache.
[2014.10.13-20.29.40:299][  0]LogDerivedDataCache: Unable to find inner node Pak for hierarchical cache Hierarchy.
[2014.10.13-20.29.40:314][  0]LogDerivedDataCache:Display: Pak cache opened for reading ../../../Engine/DerivedDataCache/DDC.ddp.
[2014.10.13-20.29.40:326][  0]LogDerivedDataCache: Using Local data cache path C:/Users/Christian/AppData/Local/UnrealEngine/4.4/DerivedDataCache: Writable
[2014.10.13-20.29.40:461][  0]LogMeshUtilities: No automatic mesh reduction module available
[2014.10.13-20.29.40:461][  0]LogMeshUtilities: No automatic mesh merging module available
[2014.10.13-20.29.40:737][  0]LogInit: WinSock: version 1.1 (2.2), MaxSocks=32767, MaxUdp=65467
[2014.10.13-20.29.41:339][  0]LogStats:Warning: MetaData mismatch. Did you assign a stat to two groups? New //STATGROUP_Threads//FMonitoredProcess///Thread_1f98_0///////STATCAT_Advanced//// old //STATGROUP_Threads//FMonitoredProcess///Thread_11bc_0///////STATCAT_Advanced////
[2014.10.13-20.29.41:339][  0]UdpMessaging: Initializing bridge on interface 0.0.0.0:0 to multicast group 230.0.0.1:6666.
[2014.10.13-20.29.41:436][  0]SourceControl: Info Source control is disabled
[2014.10.13-20.29.41:436][  0]SourceControl: Info Source control is disabled
[2014.10.13-20.29.41:440][  0]SourceControl: Info Source control is disabled
[2014.10.13-20.29.41:575][  0]BlueprintLog: New page: Editor Load
[2014.10.13-20.29.41:649][  0]LogObj: 21438 objects as part of root set at end of initial load.
[2014.10.13-20.29.41:649][  0]LogUObjectAllocator: 4218656 out of 0 bytes used by permanent object pool.
[2014.10.13-20.29.41:793][  0]LogEngine: Initializing Engine...
[2014.10.13-20.29.41:882][  0]LogInit: XAudio2 using 'Speakers (Realtek High Definition Audio)' : 2 channels at 48 kHz using 32 bits per sample (channel mask 0x3)
[2014.10.13-20.29.41:936][  0]LogInit: FAudioDevice initialized.
[2014.10.13-20.29.41:950][  0]LogAIModule: Creating AISystem for world NewWorld
[2014.10.13-20.29.41:970][  0]LogDerivedDataCache: Saved boot cache 0.02s 39MB C:/Users/Christian/AppData/Local/UnrealEngine/4.4/DerivedDataCache/Boot.ddc.
[2014.10.13-20.29.41:973][  0]LogInit: Texture streaming: Enabled
[2014.10.13-20.29.41:998][  0]LogInit: Transaction tracking system initialized
[2014.10.13-20.29.42:087][  0]LogAssetRegistry: FAssetRegistry took 0.0112 seconds to start up
[2014.10.13-20.29.42:468][  0]LogTargetPlatformManager:Display: Building Assets For Windows
[2014.10.13-20.29.42:747][  0]LogTargetPlatformManager:Display: Building Assets For Windows
[2014.10.13-20.29.42:843][  0]LogConsoleResponse:Display: 
[2014.10.13-20.29.42:977][  0]LogStats:Warning: MetaData mismatch. Did you assign a stat to two groups? New //STATGROUP_Threads//FMonitoredProcess///Thread_2394_0///////STATCAT_Advanced//// old //STATGROUP_Threads//FMonitoredProcess///Thread_11bc_0///////STATCAT_Advanced////
[2014.10.13-20.29.42:977][  0]LogStats:Warning: MetaData mismatch. Did you assign a stat to two groups? New //STATGROUP_Threads//FMonitoredProcess///Thread_18cc_0///////STATCAT_Advanced//// old //STATGROUP_Threads//FMonitoredProcess///Thread_11bc_0///////STATCAT_Advanced////
[2014.10.13-20.29.42:977][  0]SourceControl: Info Source control is disabled
[2014.10.13-20.29.42:977][  0]Cmd: MAP LOAD FILE="../../../../../../Users/Christian/Desktop/ssctf/Content/Maps/Example_Map.umap" TEMPLATE=0 SHOWPROGRESS=1
[2014.10.13-20.29.42:977][  0]LightingResults: New page: Lighting Build
[2014.10.13-20.29.42:983][  0]MapCheck: New page: Map Check
[2014.10.13-20.29.42:983][  0]LightingResults: New page: Lighting Build
[2014.10.13-20.29.42:995][  0]LogParticles: Destroying 0 GPU particle simulations for FXSystem 0x0000008E595991C0
[2014.10.13-20.29.43:154][  0]LogEditorServer: Finished looking for orphan Actors (0.000 secs)
[2014.10.13-20.29.43:154][  0]LogAIModule: Creating AISystem for world Example_Map
[2014.10.13-20.29.43:154][  0]Cmd: MAP CHECKDEP
[2014.10.13-20.29.43:154][  0]MapCheck: New page: Example_Map - Oct 13, 2014, 6:29:43 AM
[2014.10.13-20.29.43:216][  0]MapCheck: Info ========== Map Check: 0 Error(s), 0 Warning(s), [62.153ms] ==========
[2014.10.13-20.29.43:216][  0]LogFileHelpers: Loading map 'Example_Map' took 0.240
[2014.10.13-20.29.43:330][  0]LogCollectionManager: Loaded 0 collections in 0.000787 seconds
[2014.10.13-20.29.43:340][  0]LogContentBrowser:Verbose: The content browser source was changed by the sources view to '/Game'
[2014.10.13-20.29.43:398][  0]LogCrashTracker: Crashtracker disabled due to settings.
[2014.10.13-20.29.43:451][  0]LogLoad: Full Startup: 6.66 seconds (BP compile: 0.05 seconds)
[2014.10.13-20.29.43:581][  0]LogRenderer:Warning: Reallocating scene render targets to support 1136x888.
[2014.10.13-20.29.43:851][  1]LogAssetRegistry: Asset discovery search completed in 1.7747 seconds
[2014.10.13-20.29.47:209][157]LogBlueprint:Warning: [spawnGamemode] CreatePinForVariable: 'teamName' variable not found. Base class was probably changed.
[2014.10.13-20.29.47:209][157]LogBlueprint:Warning: [spawnGamemode] CreatePinForVariable: 'playerCon' variable not found. Base class was probably changed.
[2014.10.13-20.29.47:209][157]LogBlueprint:Warning: [spawnGamemode] CreatePinForVariable: 'listOfPlayers' variable not found. Base class was probably changed.
[2014.10.13-20.29.47:210][157]LogBlueprint:Warning: [spawnGamemode] CreatePinForVariable: 'teamName' variable not found. Base class was probably changed.
[2014.10.13-20.29.47:224][157]LogBlueprint:Error: [compiler] Error The type of  TargetArray  is undetermined.  Connect something to  Add  to imply a specific type.
[2014.10.13-20.29.47:224][157]LogBlueprint:Error: [compiler] Error The type of  NewItem  is undetermined.  Connect something to  Add  to imply a specific type.
[2014.10.13-20.29.47:225][157]LogBlueprint:Warning: [compiler] Warning Unable to find variable with name 'teamName' for  Set teamName 
[2014.10.13-20.29.47:225][157]LogBlueprint:Warning: [compiler] Warning Unable to find variable with name 'playerCon' for  Set playerCon 
[2014.10.13-20.29.47:225][157]LogBlueprint:Warning: [compiler] Warning Unable to find variable with name 'listOfPlayers' for  Get listOfPlayers 
[2014.10.13-20.29.47:225][157]LogBlueprint:Warning: [compiler] Warning Unable to find variable with name 'teamName' for  Get teamName 
[2014.10.13-20.29.47:226][157]LogBlueprint:Warning: [compiler] Warning [0010.43] Compile of spawnGamemode failed. 2 Fatal Issue(s) 4 Warning(s) [in 7 ms]
[2014.10.13-20.29.47:247][157]LogBlueprint:Error: [compiler] Error The type of  TargetArray  is undetermined.  Connect something to  Add  to imply a specific type.
[2014.10.13-20.29.47:247][157]LogBlueprint:Error: [compiler] Error The type of  NewItem  is undetermined.  Connect something to  Add  to imply a specific type.
[2014.10.13-20.29.47:247][157]LogBlueprint:Warning: [compiler] Warning Unable to find variable with name 'teamName' for  Set teamName 
[2014.10.13-20.29.47:247][157]LogBlueprint:Warning: [compiler] Warning Unable to find variable with name 'playerCon' for  Set playerCon 
[2014.10.13-20.29.47:248][157]LogBlueprint:Warning: [compiler] Warning Unable to find variable with name 'listOfPlayers' for  Get listOfPlayers 
[2014.10.13-20.29.47:248][157]LogBlueprint:Warning: [compiler] Warning Unable to find variable with name 'teamName' for  Get teamName 
[2014.10.13-20.29.47:249][157]LogBlueprint:Warning: [compiler] Warning [0010.46] Compile of spawnGamemode failed. 2 Fatal Issue(s) 4 Warning(s) [in 8 ms]
[2014.10.13-20.29.53:044][381]BlueprintLog: New page: Compile spawnGamemode
[2014.10.13-20.29.53:080][381]LogBlueprint:Error: [compiler] Error The type of  TargetArray  is undetermined.  Connect something to  Add  to imply a specific type.
[2014.10.13-20.29.53:080][381]LogBlueprint:Error: [compiler] Error The type of  NewItem  is undetermined.  Connect something to  Add  to imply a specific type.
[2014.10.13-20.29.53:080][381]LogBlueprint:Warning: [compiler] Warning Unable to find variable with name 'teamName' for  Set teamName 
[2014.10.13-20.29.53:081][381]LogBlueprint:Warning: [compiler] Warning Unable to find variable with name 'playerCon' for  Set playerCon 
[2014.10.13-20.29.53:081][381]LogBlueprint:Warning: [compiler] Warning Unable to find variable with name 'listOfPlayers' for  Get listOfPlayers 
[2014.10.13-20.29.53:081][381]LogBlueprint:Warning: [compiler] Warning Unable to find variable with name 'teamName' for  Get teamName 
[2014.10.13-20.29.53:082][381]LogBlueprint:Warning: [compiler] Warning [0016.29] Compile of spawnGamemode failed. 2 Fatal Issue(s) 4 Warning(s) [in 7 ms]
[2014.10.13-20.29.53:255][381]BlueprintEditorCompileResults:Error: Error The type of  TargetArray  is undetermined.  Connect something to  Add  to imply a specific type.
[2014.10.13-20.29.53:255][381]BlueprintEditorCompileResults:Error: Error The type of  NewItem  is undetermined.  Connect something to  Add  to imply a specific type.
[2014.10.13-20.29.53:255][381]BlueprintEditorCompileResults:Warning: Warning Unable to find variable with name 'teamName' for  Set teamName 
[2014.10.13-20.29.53:255][381]BlueprintEditorCompileResults:Warning: Warning Unable to find variable with name 'playerCon' for  Set playerCon 
[2014.10.13-20.29.53:255][381]BlueprintEditorCompileResults:Warning: Warning Unable to find variable with name 'listOfPlayers' for  Get listOfPlayers 
[2014.10.13-20.29.53:255][381]BlueprintEditorCompileResults:Warning: Warning Unable to find variable with name 'teamName' for  Get teamName 
[2014.10.13-20.29.53:255][381]BlueprintEditorCompileResults:Warning: Warning [0016.29] Compile of spawnGamemode failed. 2 Fatal Issue(s) 4 Warning(s) [in 7 ms]
[2014.10.13-20.30.06:918][ 59]BlueprintLog: New page: Compile spawnGamemode
[2014.10.13-20.30.06:962][ 59]LogBlueprint:Error: [compiler] Error The type of  TargetArray  is undetermined.  Connect something to  Add  to imply a specific type.
[2014.10.13-20.30.06:963][ 59]LogBlueprint:Error: [compiler] Error The type of  NewItem  is undetermined.  Connect something to  Add  to imply a specific type.
[2014.10.13-20.30.06:963][ 59]LogBlueprint:Warning: [compiler] Warning Unable to find variable with name 'teamName' for  Set teamName 
[2014.10.13-20.30.06:963][ 59]LogBlueprint:Warning: [compiler] Warning Unable to find variable with name 'playerCon' for  Set playerCon 
[2014.10.13-20.30.06:963][ 59]LogBlueprint:Warning: [compiler] Warning Unable to find variable with name 'listOfPlayers' for  Get listOfPlayers 
[2014.10.13-20.30.06:963][ 59]LogBlueprint:Warning: [compiler] Warning Unable to find variable with name 'teamName' for  Get teamName 
[2014.10.13-20.30.06:964][ 59]LogBlueprint:Warning: [compiler] Warning [0030.17] Compile of spawnGamemode failed. 2 Fatal Issue(s) 4 Warning(s) [in 10 ms]
[2014.10.13-20.30.07:114][ 59]BlueprintEditorCompileResults:Error: Error The type of  TargetArray  is undetermined.  Connect something to  Add  to imply a specific type.
[2014.10.13-20.30.07:114][ 59]BlueprintEditorCompileResults:Error: Error The type of  NewItem  is undetermined.  Connect something to  Add  to imply a specific type.
[2014.10.13-20.30.07:114][ 59]BlueprintEditorCompileResults:Warning: Warning Unable to find variable with name 'teamName' for  Set teamName 
[2014.10.13-20.30.07:114][ 59]BlueprintEditorCompileResults:Warning: Warning Unable to find variable with name 'playerCon' for  Set playerCon 
[2014.10.13-20.30.07:114][ 59]BlueprintEditorCompileResults:Warning: Warning Unable to find variable with name 'listOfPlayers' for  Get listOfPlayers 
[2014.10.13-20.30.07:114][ 59]BlueprintEditorCompileResults:Warning: Warning Unable to find variable with name 'teamName' for  Get teamName 
[2014.10.13-20.30.07:114][ 59]BlueprintEditorCompileResults:Warning: Warning [0030.17] Compile of spawnGamemode failed. 2 Fatal Issue(s) 4 Warning(s) [in 10 ms]
[2014.10.13-20.30.14:273][425]BlueprintLog: New page: Compile spawnGamemode
[2014.10.13-20.30.14:316][425]LogBlueprint:Error: [compiler] Error The type of  TargetArray  is undetermined.  Connect something to  Add  to imply a specific type.
[2014.10.13-20.30.14:316][425]LogBlueprint:Error: [compiler] Error The type of  NewItem  is undetermined.  Connect something to  Add  to imply a specific type.
[2014.10.13-20.30.14:317][425]LogBlueprint:Warning: [compiler] Warning Unable to find variable with name 'teamName' for  Set teamName 
[2014.10.13-20.30.14:317][425]LogBlueprint:Warning: [compiler] Warning Unable to find variable with name 'playerCon' for  Set playerCon 
[2014.10.13-20.30.14:317][425]LogBlueprint:Warning: [compiler] Warning Unable to find variable with name 'listOfPlayers' for  Get listOfPlayers 
[2014.10.13-20.30.14:317][425]LogBlueprint:Warning: [compiler] Warning Unable to find variable with name 'teamName' for  Get teamName 
[2014.10.13-20.30.14:318][425]LogBlueprint:Warning: [compiler] Warning [0037.52] Compile of spawnGamemode failed. 2 Fatal Issue(s) 4 Warning(s) [in 10 ms]
[2014.10.13-20.30.14:463][425]BlueprintEditorCompileResults:Error: Error The type of  TargetArray  is undetermined.  Connect something to  Add  to imply a specific type.
[2014.10.13-20.30.14:463][425]BlueprintEditorCompileResults:Error: Error The type of  NewItem  is undetermined.  Connect something to  Add  to imply a specific type.
[2014.10.13-20.30.14:463][425]BlueprintEditorCompileResults:Warning: Warning Unable to find variable with name 'teamName' for  Set teamName 
[2014.10.13-20.30.14:463][425]BlueprintEditorCompileResults:Warning: Warning Unable to find variable with name 'playerCon' for  Set playerCon 
[2014.10.13-20.30.14:463][425]BlueprintEditorCompileResults:Warning: Warning Unable to find variable with name 'listOfPlayers' for  Get listOfPlayers 
[2014.10.13-20.30.14:463][425]BlueprintEditorCompileResults:Warning: Warning Unable to find variable with name 'teamName' for  Get teamName 
[2014.10.13-20.30.14:463][425]BlueprintEditorCompileResults:Warning: Warning [0037.52] Compile of spawnGamemode failed. 2 Fatal Issue(s) 4 Warning(s) [in 10 ms]
[2014.10.13-20.34.59:533][522]LogSlate:Warning: Prevented a slow task dialog from being summoned while a context menu was open
[2014.10.13-20.35.06:846][955]LogSlate:Warning: Prevented a slow task dialog from being summoned while a context menu was open
[2014.10.13-20.37.10:817][  2]LogSlate:Warning: Prevented a slow task dialog from being summoned while a context menu was open
[2014.10.13-20.38.57:983][222]LogSlate:Warning: GetFontFace failed to load or process 'Roboto-Regular'
[2014.10.13-20.38.57:983][222]LogSlate:Warning: GetFontFace failed to load or process 'Roboto-Regular'
[2014.10.13-20.38.57:986][222]LogSlate:Warning: GetFontFace failed to load or process 'Roboto-Regular'
[2014.10.13-20.38.57:986][222]LogSlate:Warning: GetFontFace failed to load or process 'Roboto-Regular'
[2014.10.13-20.38.57:986][222]LogSlate:Warning: GetFontFace failed to load or process 'Roboto-Regular'
[2014.10.13-20.38.57:986][222]LogSlate:Warning: GetFontFace failed to load or process 'Roboto-Regular'
[2014.10.13-20.38.57:987][222]LogSlate:Warning: GetFontFace failed to load or process 'Roboto-Regular'
[2014.10.13-20.38.57:987][222]LogSlate:Warning: GetFontFace failed to load or process 'Roboto-Regular'
[2014.10.13-20.38.57:987][222]LogSlate:Warning: GetFontFace failed to load or process 'Roboto-Regular'
[2014.10.13-20.38.57:987][222]LogSlate:Warning: GetFontFace failed to load or process 'Roboto-Regular'
[2014.10.13-20.38.57:987][222]LogSlate:Warning: GetFontFace failed to load or process 'Roboto-Regular'
[2014.10.13-20.38.57:987][222]LogSlate:Warning: GetFontFace failed to load or process 'Roboto-Regular'
[2014.10.13-20.38.57:987][222]LogSlate:Warning: GetFontFace failed to load or process 'Roboto-Regular'
[2014.10.13-20.38.57:987][222]LogSlate:Warning: GetFontFace failed to load or process 'Roboto-Regular'
[2014.10.13-20.38.57:987][222]LogSlate:Warning: GetFontFace failed to load or process 'Roboto-Regular'
[2014.10.13-20.38.57:987][222]LogSlate:Warning: GetFontFace failed to load or process 'Roboto-Regular'
[2014.10.13-20.38.57:987][222]LogSlate:Warning: GetFontFace failed to load or process 'Roboto-Regular'
[2014.10.13-20.38.57:987][222]LogSlate:Warning: GetFontFace failed to load or process 'Roboto-Regular'
[2014.10.13-20.39.22:064][476]BlueprintLog: New page: Compile spawnGamemode
[2014.10.13-20.39.22:271][476]BlueprintEditorCompileResults: Info [0585.31] Compile of spawnGamemode successful! [in 9 ms]
[2014.10.13-20.39.43:902][500]LogFileHelpers: Editor autosave (incl. sublevels) for '/Game/Maps/Example_Map' took 0.029
[2014.10.13-20.39.43:913][500]OBJ SavePackage: Generating thumbnails for [0] asset(s) in package [/Game/Blueprints/Blueprints/spawnGamemode] ([1] browsable assets)...
[2014.10.13-20.39.43:937][500]OBJ SavePackage: Finished generating thumbn