Log file open, 10/13/14 12:02:15
LogInit:Display: Running engine for game: ssctf
LogInit: Version: 4.4.2-2289767+++depot+UE4-Releases+4.4
LogInit: API Version: 2255576
LogInit: Compiled (64-bit): Sep  8 2014 15:27:03
LogInit: Build Configuration: Development
LogInit: Branch Name: ++depot+UE4-Releases+4.4
LogInit: Command line: 
LogInit: Base directory: C:/Program Files/Unreal Engine/4.4/Engine/Binaries/Win64/
LogInit: Rocket: 1
[2014.10.13-19.02.15:334][  0]LogTaskGraph: Started task graph with 3 named threads and 4 total threads.
[2014.10.13-19.02.15:361][  0]LogOnline:Warning: No default platform service specified for OnlineSubsystem
[2014.10.13-19.02.15:369][  0]LogInit: Presizing for 0 objects not considered by GC, pre-allocating 0 bytes.
[2014.10.13-19.02.15:375][  0]LogInit: Object subsystem initialized
[2014.10.13-19.02.15:376][  0]LogInit: Selected Device Profile: [Windows]
[2014.10.13-19.02.15:376][  0]LogInit: Applying CVar settings loaded from the selected device profile: [Windows]
[2014.10.13-19.02.15:381][  0]LogInit: Computer: CHRISTIANS-PC
[2014.10.13-19.02.15:381][  0]LogInit: User: Christian
[2014.10.13-19.02.15:382][  0]LogInit: CPU Page size=4096, Cores=4
[2014.10.13-19.02.15:382][  0]LogInit: High frequency timer resolution =2.338446 MHz
[2014.10.13-19.02.15:382][  0]LogMemory: Memory total: Physical=7.9GB (8GB approx) Virtual=131072.0GB
[2014.10.13-19.02.15:382][  0]LogMemory: Platform Memory Stats for Windows
[2014.10.13-19.02.15:382][  0]LogMemory: Process Physical Memory: 59.98 MB used, 59.98 MB peak
[2014.10.13-19.02.15:382][  0]LogMemory: Process Virtual Memory: 36.18 MB used, 36.18 MB peak
[2014.10.13-19.02.15:382][  0]LogMemory: Physical Memory: 3356.08 MB used, 8076.88 MB total
[2014.10.13-19.02.15:382][  0]LogMemory: Virtual Memory: 269.87 MB used, 134217728.00 MB total
[2014.10.13-19.02.15:401][  0]LogD3D11RHI: Found D3D11 adapter 0: Intel(R) HD Graphics 4000 (Feature Level 11_0)
[2014.10.13-19.02.15:401][  0]LogD3D11RHI: Adapter has 1039MB of dedicated video memory, 0MB of dedicated system memory, and 4038MB of shared system memory, 1 output[s]
[2014.10.13-19.02.15:402][  0]LogD3D11RHI: Found D3D11 adapter 1: Microsoft Basic Render Driver (Feature Level 11_0)
[2014.10.13-19.02.15:402][  0]LogD3D11RHI: Adapter has 0MB of dedicated video memory, 0MB of dedicated system memory, and 256MB of shared system memory, 0 output[s]
[2014.10.13-19.02.15:402][  0]LogD3D11RHI: Chosen D3D11 Adapter Id = 0
[2014.10.13-19.02.15:406][  0]LogRHI: Texture pool is 1361 MB (70% of 1945 MB)
[2014.10.13-19.02.15:415][  0]LogD3D11RHI: Async texture creation enabled
[2014.10.13-19.02.15:511][  0]LogContentStreaming: Texture pool size is 0.000000MB
[2014.10.13-19.02.16:806][  0]LogTargetPlatformManager:Display: Building Assets For Windows
[2014.10.13-19.02.17:147][  0]LogTargetPlatformManager:Display: Building Assets For Windows
[2014.10.13-19.02.17:182][  0]LogDerivedDataCache:Display: Max Cache Size: 512 MB
[2014.10.13-19.02.17:218][  0]LogDerivedDataCache: Loaded boot cache 0.04s 39MB C:/Users/Christian/AppData/Local/UnrealEngine/4.4/DerivedDataCache/Boot.ddc.
[2014.10.13-19.02.17:218][  0]LogDerivedDataCache:Display: Loaded Boot cache: C:/Users/Christian/AppData/Local/UnrealEngine/4.4/DerivedDataCache/Boot.ddc
[2014.10.13-19.02.17:218][  0]LogDerivedDataCache: FDerivedDataBackendGraph:  Pak pak cache file ../../../../../../Users/Christian/Desktop/ssctf/DerivedDataCache/DDC.ddp not found, will not use a pak cache.
[2014.10.13-19.02.17:218][  0]LogDerivedDataCache: Unable to find inner node Pak for hierarchical cache Hierarchy.
[2014.10.13-19.02.17:233][  0]LogDerivedDataCache:Display: Pak cache opened for reading ../../../Engine/DerivedDataCache/DDC.ddp.
[2014.10.13-19.02.17:245][  0]LogDerivedDataCache: Using Local data cache path C:/Users/Christian/AppData/Local/UnrealEngine/4.4/DerivedDataCache: Writable
[2014.10.13-19.02.17:379][  0]LogMeshUtilities: No automatic mesh reduction module available
[2014.10.13-19.02.17:379][  0]LogMeshUtilities: No automatic mesh merging module available
[2014.10.13-19.02.17:653][  0]LogInit: WinSock: version 1.1 (2.2), MaxSocks=32767, MaxUdp=65467
[2014.10.13-19.02.18:252][  0]LogStats:Warning: MetaData mismatch. Did you assign a stat to two groups? New //STATGROUP_Threads//FMonitoredProcess///Thread_1d80_0///////STATCAT_Advanced//// old //STATGROUP_Threads//FMonitoredProcess///Thread_1948_0///////STATCAT_Advanced////
[2014.10.13-19.02.18:252][  0]UdpMessaging: Initializing bridge on interface 0.0.0.0:0 to multicast group 230.0.0.1:6666.
[2014.10.13-19.02.18:350][  0]SourceControl: Info Source control is disabled
[2014.10.13-19.02.18:350][  0]SourceControl: Info Source control is disabled
[2014.10.13-19.02.18:355][  0]SourceControl: Info Source control is disabled
[2014.10.13-19.02.18:491][  0]BlueprintLog: New page: Editor Load
[2014.10.13-19.02.18:565][  0]LogObj: 21438 objects as part of root set at end of initial load.
[2014.10.13-19.02.18:565][  0]LogUObjectAllocator: 4218656 out of 0 bytes used by permanent object pool.
[2014.10.13-19.02.18:709][  0]LogEngine: Initializing Engine...
[2014.10.13-19.02.18:796][  0]LogInit: XAudio2 using 'Speakers (Realtek High Definition Audio)' : 2 channels at 48 kHz using 32 bits per sample (channel mask 0x3)
[2014.10.13-19.02.18:851][  0]LogInit: FAudioDevice initialized.
[2014.10.13-19.02.18:865][  0]LogAIModule: Creating AISystem for world NewWorld
[2014.10.13-19.02.18:887][  0]LogDerivedDataCache: Saved boot cache 0.02s 39MB C:/Users/Christian/AppData/Local/UnrealEngine/4.4/DerivedDataCache/Boot.ddc.
[2014.10.13-19.02.18:889][  0]LogInit: Texture streaming: Enabled
[2014.10.13-19.02.18:915][  0]LogInit: Transaction tracking system initialized
[2014.10.13-19.02.19:001][  0]LogAssetRegistry: FAssetRegistry took 0.0111 seconds to start up
[2014.10.13-19.02.19:387][  0]LogTargetPlatformManager:Display: Building Assets For Windows
[2014.10.13-19.02.19:669][  0]LogTargetPlatformManager:Display: Building Assets For Windows
[2014.10.13-19.02.19:766][  0]LogConsoleResponse:Display: 
[2014.10.13-19.02.19:900][  0]LogStats:Warning: MetaData mismatch. Did you assign a stat to two groups? New //STATGROUP_Threads//FMonitoredProcess///Thread_1bd0_0///////STATCAT_Advanced//// old //STATGROUP_Threads//FMonitoredProcess///Thread_1948_0///////STATCAT_Advanced////
[2014.10.13-19.02.19:900][  0]LogStats:Warning: MetaData mismatch. Did you assign a stat to two groups? New //STATGROUP_Threads//FMonitoredProcess///Thread_1ed4_0///////STATCAT_Advanced//// old //STATGROUP_Threads//FMonitoredProcess///Thread_1948_0///////STATCAT_Advanced////
[2014.10.13-19.02.19:900][  0]SourceControl: Info Source control is disabled
[2014.10.13-19.02.19:900][  0]Cmd: MAP LOAD FILE="../../../../../../Users/Christian/Desktop/ssctf/Content/Maps/Example_Map.umap" TEMPLATE=0 SHOWPROGRESS=1
[2014.10.13-19.02.19:900][  0]LightingResults: New page: Lighting Build
[2014.10.13-19.02.19:906][  0]MapCheck: New page: Map Check
[2014.10.13-19.02.19:906][  0]LightingResults: New page: Lighting Build
[2014.10.13-19.02.19:918][  0]LogParticles: Destroying 0 GPU particle simulations for FXSystem 0x000000D6F2BD11C0
[2014.10.13-19.02.20:079][  0]LogEditorServer: Finished looking for orphan Actors (0.000 secs)
[2014.10.13-19.02.20:079][  0]LogAIModule: Creating AISystem for world Example_Map
[2014.10.13-19.02.20:079][  0]Cmd: MAP CHECKDEP
[2014.10.13-19.02.20:079][  0]MapCheck: New page: Example_Map - Oct 13, 2014, 5:02:20 AM
[2014.10.13-19.02.20:141][  0]MapCheck: Info ========== Map Check: 0 Error(s), 0 Warning(s), [61.431ms] ==========
[2014.10.13-19.02.20:141][  0]LogFileHelpers: Loading map 'Example_Map' took 0.241
[2014.10.13-19.02.20:228][  0]LogCollectionManager: Loaded 0 collections in 0.000764 seconds
[2014.10.13-19.02.20:238][  0]LogContentBrowser:Verbose: The content browser source was changed by the sources view to '/Game'
[2014.10.13-19.02.20:296][  0]LogCrashTracker: Crashtracker disabled due to settings.
[2014.10.13-19.02.20:339][  0]LogLoad: Full Startup: 6.64 seconds (BP compile: 0.05 seconds)
[2014.10.13-19.02.20:485][  0]LogRenderer:Warning: Reallocating scene render targets to support 1136x888.
[2014.10.13-19.02.20:679][  1]LogAssetRegistry: Asset discovery search completed in 1.6887 seconds
[2014.10.13-19.02.51:420][658]LogContentBrowser:Verbose: The content browser source was changed by the sources view to '/Game/Blueprints'
[2014.10.13-19.05.14:503][566]LogWindows:Error: appError called: Assertion failed: Index < GetMaxIndex() [File:D:\BuildFarm\buildmachine_++depot+UE4-Releases+4.4\Engine\Source\Runtime\Core\Public\Containers\SparseArray.h] [Line: 63]

Stack:
Address = 0xe1be5216 (filename not found) [in C:\Program Files\Unreal Engine\4.4\Engine\Binaries\Win64\UE4Editor-Core.dll]
Address = 0xe1a68615 (filename not found) [in C:\Program Files\Unreal Engine\4.4\Engine\Binaries\Win64\UE4Editor-Core.dll]
Address = 0xe57e4e43 (filename not found) [in C:\Program Files\Unreal Engine\4.4\Engine\Binaries\Win64\UE4Editor-CoreUObject.dll]
Address = 0xe585e549 (filename not found) [in C:\Program Files\Unreal Engine\4.4\Engine\Binaries\Win64\UE4Editor-CoreUObject.dll]
Address = 0xe58a11bf (filename not found) [in C:\Program Files\Unreal Engine\4.4\Engine\Binaries\Win64\UE4Editor-CoreUObject.dll]
Address = 0xe589426f (filename not found) [in C:\Program Files\Unreal Engine\4.4\Engine\Binaries\Win64\UE4Editor-CoreUObject.dll]
Address = 0xe58829af (filename not found) [in C:\Program Files\Unreal Engine\4.4\Engine\Binaries\Win64\UE4Editor-CoreUObject.dll]
Address = 0xe58392e3 (filename not found) [in C:\Program Files\Unreal Engine\4.4\Engine\Binaries\Win64\UE4Editor-CoreUObject.dll]
Address = 0xda68bb31 (filename not found) [in C:\Program Files\Unreal Engine\4.4\Engine\Binaries\Win64\UE4Editor-KismetCompiler.dll]
Address = 0xda682025 (filename not found) [in C:\Program Files\Unreal Engine\4.4\Engine\Binaries\Win64\UE4Editor-KismetCompiler.dll]
Address = 0xda683ccc (filename not found) [in C:\Program Files\Unreal Engine\4.4\Engine\Binaries\Win64\UE4Editor-KismetCompiler.dll]
Address = 0xda683802 (filename not found) [in C:\Program Files\Unreal Engine\4.4\Engine\Binaries\Win64\UE4Editor-KismetCompiler.dll]
Address = 0xdcb9e22d (filename not found) [in C:\Program Files\Unreal Engine\4.4\Engine\Binaries\Win64\UE4Editor-UnrealEd.dll]
Address = 0xdcb581c6 (filename not found) [in C:\Program Files\Unreal Engine\4.4\Engine\Binaries\Win64\UE4Editor-UnrealEd.dll]
Address = 0xe5824adb (filename not found) [in C:\Program Files\Unreal Engine\4.4\Engine\Binaries\Win64\UE4Editor-CoreUObject.dll]
Address = 0xe586ffe6 (filename not found) [in C:\Program Files\Unreal Engine\4.4\Engine\Binaries\Win64\UE4Editor-CoreUObject.dll]
Address = 0xe588ab54 (filename not found) [in C:\Program Files\Unreal Engine\4.4\Engine\Binaries\Win64\UE4Editor-CoreUObject.dll]
Address = 0xe585ebc4 (filename not found) [in C:\Program Files\Unreal Engine\4.4\Engine\Binaries\Win64\UE4Editor-CoreUObject.dll]
Address = 0xe5831f68 (filename not found) [in C:\Program Files\Unreal Engine\4.4\Engine\Binaries\Win64\UE4Editor-CoreUObject.dll]
Address = 0xe589426f (filename not found) [in C:\Program Files\Unreal Engine\4.4\Engine\Binaries\Win64\UE4Editor-CoreUObject.dll]
Address = 0xe5870179 (filename not found) [in C:\Program Files\Unreal Engine\4.4\Engine\Binaries\Win64\UE4Editor-CoreUObject.dll]
Address = 0xe588ab54 (filename not found) [in C:\Program Files\Unreal Engine\4.4\Engine\Binaries\Win64\UE4Editor-CoreUObject.dll]
Address = 0xe586fa5e (filename not found) [in C:\Program Files\Unreal Engine\4.4\Engine\Binaries\Win64\UE4Editor-CoreUObject.dll]
Address = 0xe588ab54 (filename not found) [in C:\Program Files\Unreal Engine\4.4\Engine\Binaries\Win64\UE4Editor-CoreUObject.dll]
Address = 0xe586fa5e (filename not found) [in C:\Program Files\Unreal Engine\4.4\Engine\Binaries\Win64\UE4Editor-CoreUObject.dll]
Address = 0xe588c972 (filename not found) [in C:\Program Files\Unreal Engine\4.4\Engine\Binaries\Win64\UE4Editor-CoreUObject.dll]
Address = 0xe58e5f5a (filename not found) [in C:\Program Files\Unreal Engine\4.4\Engine\Binaries\Win64\UE4Editor-CoreUObject.dll]
Address = 0xe58f11d1 (filename not found) [in C:\Program Files\Unreal Engine\4.4\Engine\Binaries\Win64\UE4Editor-CoreUObject.dll]
Address = 0xe58ff887 (filename not found) [in C:\Program Files\Unreal Engine\4.4\Engine\Binaries\Win64\UE4Editor-CoreUObject.dll]
Address = 0xd424b402 (filename not found) [in C:\Program Files\Unreal Engine\4.4\Engine\Binaries\Win64\UE4Editor-ContentBrowser
[2014.10.13-19.05.14:503][566]LogWindows:Error: Windows GetLastError: The operation completed successfully. (0)
[2014.10.13-19.05.14:503][566]LogCrashTracker: 


[2014.10.13-19.05.14:741][566]LogCrashTracker: 


[2014.10.13-19.05.14:741][566]LogWindows: === Critical error: ===


[2014.10.13-19.05.14:741][566]LogWindows: Assertion failed: Index < GetMaxIndex() [File:D:\BuildFarm\buildmachine_++depot+UE4-Releases+4.4\Engine\Source\Runtime\Core\Public\Containers\SparseArray.h] [Line: 63]

Stack:
Address = 0xe1be5216 (filename not found) [in C:\Program Files\Unreal Engine\4.4\Engine\Binaries\Win64\UE4Editor-Core.dll]
Address = 0xe1a68615 (filename not found) [in C:\Program Files\Unreal Engine\4.4\Engine\Binaries\Win64\UE4Editor-Core.dll]
Address = 0xe57e4e43 (filename not found) [in C:\Program Files\Unreal Engine\4.4\Engine\Binaries\Win64\UE4Editor-CoreUObject.dll]
Address = 0xe585e549 (filename not found) [in C:\Program Files\Unreal Engine\4.4\Engine\Binaries\Win64\UE4Editor-CoreUObject.dll]
Address = 0xe58a11bf (filename not found) [in C:\Program Files\Unreal Engine\4.4\Engine\Binaries\Win64\UE4Editor-CoreUObject.dll]
Address = 0xe589426f (filename not found) [in C:\Program Files\Unreal Engine\4.4\Engine\Binaries\Win64\UE4Editor-CoreUObject.dll]
Address = 0xe58829af (filename not found) [in C:\Program Files\Unreal Engine\4.4\Engine\Binaries\Win64\UE4Editor-CoreUObject.dll]
Address = 0xe58392e3 (filename not found) [in C:\Program Files\Unreal Engine\4.4\Engine\Binaries\Win64\UE4Editor-CoreUObject.dll]
Address = 0xda68bb31 (filename not found) [in C:\Program Files\Unreal Engine\4.4\Engine\Binaries\Win64\UE4Editor-KismetCompiler.dll]
Address = 0xda682025 (filename not found) [in C:\Program Files\Unreal Engine\4.4\Engine\Binaries\Win64\UE4Editor-KismetCompiler.dll]
Address = 0xda683ccc (filename not found) [in C:\Program Files\Unreal Engine\4.4\Engine\Binaries\Win64\UE4Editor-KismetCompiler.dll]
Address = 0xda683802 (filename not found) [in C:\Program Files\Unreal Engine\4.4\Engine\Binaries\Win64\UE4Editor-KismetCompiler.dll]
Address = 0xdcb9e22d (filename not found) [in C:\Program Files\Unreal Engine\4.4\Engine\Binaries\Win64\UE4Editor-UnrealEd.dll]
Address = 0xdcb581c6 (filename not found) [in C:\Program Files\Unreal Engine\4.4\Engine\Binaries\Win64\UE4Editor-UnrealEd.dll]
Address = 0xe5824adb (filename not found) [in C:\Program Files\Unreal Engine\4.4\Engine\Binaries\Win64\UE4Editor-CoreUObject.dll]
Address = 0xe586ffe6 (filename not found) [in C:\Program Files\Unreal Engine\4.4\Engine\Binaries\Win64\UE4Editor-CoreUObject.dll]
Address = 0xe588ab54 (filename not found) [in C:\Program Files\Unreal Engine\4.4\Engine\Binaries\Win64\UE4Editor-CoreUObject.dll]
Address = 0xe585ebc4 (filename not found) [in C:\Program Files\Unreal Engine\4.4\Engine\Binaries\Win64\UE4Editor-CoreUObject.dll]
Address = 0xe5831f68 (filename not found) [in C:\Program Files\Unreal Engine\4.4\Engine\Binaries\Win64\UE4Editor-CoreUObject.dll]
Address = 0xe589426f (filename not found) [in C:\Program Files\Unreal Engine\4.4\Engine\Binaries\Win64\UE4Editor-CoreUObject.dll]
Address = 0xe5870179 (filename not found) [in C:\Program Files\Unreal Engine\4.4\Engine\Binaries\Win64\UE4Editor-CoreUObject.dll]
Address = 0xe588ab54 (filename not found) [in C:\Program Files\Unreal Engine\4.4\Engine\Binaries\Win64\UE4Editor-CoreUObject.dll]
Address = 0xe586fa5e (filename not found) [in C:\Program Files\Unreal Engine\4.4\Engine\Binaries\Win64\UE4Editor-CoreUObject.dll]
Address = 0xe588ab54 (filename not found) [in C:\Program Files\Unreal Engine\4.4\Engine\Binaries\Win64\UE4Editor-CoreUObject.dll]
Address = 0xe586fa5e (filename not found) [in C:\Program Files\Unreal Engine\4.4\Engine\Binaries\Win64\UE4Editor-CoreUObject.dll]
Address = 0xe588c972 (filename not found) [in C:\Program Files\Unreal Engine\4.4\Engine\Binaries\Win64\UE4Editor-CoreUObject.dll]
Address = 0xe58e5f5a (filename not found) [in C:\Program Files\Unreal Engine\4.4\Engine\Binaries\Win64\UE4Editor-CoreUObject.dll]
Address = 0xe58f11d1 (filename not found) [in C:\Program Files\Unreal Engine\4.4\Engine\Binaries\Win64\UE4Editor-CoreUObject.dll]
Address = 0xe58ff887 (filename not found) [in C:\Program Files\Unreal Engine\4.4\Engine\Binaries\Win64\UE4Editor-CoreUObject.dll]
Address = 0xd424b402 (filename not found) [in C:\Program Files\Unreal Engine\4.4\Engine\Binaries\Win64\UE4Editor-ContentBrowser


[2014.10.13-19.05.14:805][566]LogExit: Executing StaticShutdownAfterError
[2014.10.13-19.05.14:815][566]LogWindows: FPlatformMisc::RequestExit(1)
[2014.10.13-19.05.14:815][566]Log file closed, 10/13/14 12:05:14
