Log file open, 10/13/14 11:44:32
LogInit:Display: Running engine for game: ssctf
LogInit: Version: 4.4.2-2289767+++depot+UE4-Releases+4.4
LogInit: API Version: 2255576
LogInit: Compiled (64-bit): Sep  8 2014 15:27:03
LogInit: Build Configuration: Development
LogInit: Branch Name: ++depot+UE4-Releases+4.4
LogInit: Command line: 
LogInit: Base directory: C:/Program Files/Unreal Engine/4.4/Engine/Binaries/Win64/
LogInit: Rocket: 1
[2014.10.13-18.44.32:565][  0]LogTaskGraph: Started task graph with 3 named threads and 4 total threads.
[2014.10.13-18.44.32:594][  0]LogOnline:Warning: No default platform service specified for OnlineSubsystem
[2014.10.13-18.44.32:602][  0]LogInit: Presizing for 0 objects not considered by GC, pre-allocating 0 bytes.
[2014.10.13-18.44.32:609][  0]LogInit: Object subsystem initialized
[2014.10.13-18.44.32:611][  0]LogInit: Selected Device Profile: [Windows]
[2014.10.13-18.44.32:611][  0]LogInit: Applying CVar settings loaded from the selected device profile: [Windows]
[2014.10.13-18.44.32:619][  0]LogInit: Computer: CHRISTIANS-PC
[2014.10.13-18.44.32:619][  0]LogInit: User: Christian
[2014.10.13-18.44.32:620][  0]LogInit: CPU Page size=4096, Cores=4
[2014.10.13-18.44.32:620][  0]LogInit: High frequency timer resolution =2.338446 MHz
[2014.10.13-18.44.32:620][  0]LogMemory: Memory total: Physical=7.9GB (8GB approx) Virtual=131072.0GB
[2014.10.13-18.44.32:620][  0]LogMemory: Platform Memory Stats for Windows
[2014.10.13-18.44.32:620][  0]LogMemory: Process Physical Memory: 59.85 MB used, 59.96 MB peak
[2014.10.13-18.44.32:620][  0]LogMemory: Process Virtual Memory: 36.02 MB used, 36.15 MB peak
[2014.10.13-18.44.32:620][  0]LogMemory: Physical Memory: 3576.37 MB used, 8076.88 MB total
[2014.10.13-18.44.32:620][  0]LogMemory: Virtual Memory: 269.87 MB used, 134217728.00 MB total
[2014.10.13-18.44.32:643][  0]LogD3D11RHI: Found D3D11 adapter 0: Intel(R) HD Graphics 4000 (Feature Level 11_0)
[2014.10.13-18.44.32:643][  0]LogD3D11RHI: Adapter has 1039MB of dedicated video memory, 0MB of dedicated system memory, and 4038MB of shared system memory, 1 output[s]
[2014.10.13-18.44.32:644][  0]LogD3D11RHI: Found D3D11 adapter 1: Microsoft Basic Render Driver (Feature Level 11_0)
[2014.10.13-18.44.32:644][  0]LogD3D11RHI: Adapter has 0MB of dedicated video memory, 0MB of dedicated system memory, and 256MB of shared system memory, 0 output[s]
[2014.10.13-18.44.32:644][  0]LogD3D11RHI: Chosen D3D11 Adapter Id = 0
[2014.10.13-18.44.32:649][  0]LogRHI: Texture pool is 1361 MB (70% of 1945 MB)
[2014.10.13-18.44.32:657][  0]LogD3D11RHI: Async texture creation enabled
[2014.10.13-18.44.32:752][  0]LogContentStreaming: Texture pool size is 0.000000MB
[2014.10.13-18.44.34:042][  0]LogTargetPlatformManager:Display: Building Assets For Windows
[2014.10.13-18.44.34:383][  0]LogTargetPlatformManager:Display: Building Assets For Windows
[2014.10.13-18.44.34:416][  0]LogDerivedDataCache:Display: Max Cache Size: 512 MB
[2014.10.13-18.44.34:455][  0]LogDerivedDataCache: Loaded boot cache 0.04s 39MB C:/Users/Christian/AppData/Local/UnrealEngine/4.4/DerivedDataCache/Boot.ddc.
[2014.10.13-18.44.34:455][  0]LogDerivedDataCache:Display: Loaded Boot cache: C:/Users/Christian/AppData/Local/UnrealEngine/4.4/DerivedDataCache/Boot.ddc
[2014.10.13-18.44.34:455][  0]LogDerivedDataCache: FDerivedDataBackendGraph:  Pak pak cache file ../../../../../../Users/Christian/Desktop/ssctf/DerivedDataCache/DDC.ddp not found, will not use a pak cache.
[2014.10.13-18.44.34:455][  0]LogDerivedDataCache: Unable to find inner node Pak for hierarchical cache Hierarchy.
[2014.10.13-18.44.34:470][  0]LogDerivedDataCache:Display: Pak cache opened for reading ../../../Engine/DerivedDataCache/DDC.ddp.
[2014.10.13-18.44.34:483][  0]LogDerivedDataCache: Using Local data cache path C:/Users/Christian/AppData/Local/UnrealEngine/4.4/DerivedDataCache: Writable
[2014.10.13-18.44.34:621][  0]LogMeshUtilities: No automatic mesh reduction module available
[2014.10.13-18.44.34:621][  0]LogMeshUtilities: No automatic mesh merging module available
[2014.10.13-18.44.34:898][  0]LogInit: WinSock: version 1.1 (2.2), MaxSocks=32767, MaxUdp=65467
[2014.10.13-18.44.35:497][  0]LogStats:Warning: MetaData mismatch. Did you assign a stat to two groups? New //STATGROUP_Threads//FMonitoredProcess///Thread_1fb4_0///////STATCAT_Advanced//// old //STATGROUP_Threads//FMonitoredProcess///Thread_1f3c_0///////STATCAT_Advanced////
[2014.10.13-18.44.35:497][  0]UdpMessaging: Initializing bridge on interface 0.0.0.0:0 to multicast group 230.0.0.1:6666.
[2014.10.13-18.44.35:596][  0]SourceControl: Info Source control is disabled
[2014.10.13-18.44.35:597][  0]SourceControl: Info Source control is disabled
[2014.10.13-18.44.35:601][  0]SourceControl: Info Source control is disabled
[2014.10.13-18.44.35:736][  0]BlueprintLog: New page: Editor Load
[2014.10.13-18.44.35:810][  0]LogObj: 21438 objects as part of root set at end of initial load.
[2014.10.13-18.44.35:810][  0]LogUObjectAllocator: 4218656 out of 0 bytes used by permanent object pool.
[2014.10.13-18.44.35:953][  0]LogEngine: Initializing Engine...
[2014.10.13-18.44.36:043][  0]LogInit: XAudio2 using 'Speakers (Realtek High Definition Audio)' : 2 channels at 48 kHz using 32 bits per sample (channel mask 0x3)
[2014.10.13-18.44.36:099][  0]LogInit: FAudioDevice initialized.
[2014.10.13-18.44.36:113][  0]LogAIModule: Creating AISystem for world NewWorld
[2014.10.13-18.44.36:134][  0]LogDerivedDataCache: Saved boot cache 0.02s 39MB C:/Users/Christian/AppData/Local/UnrealEngine/4.4/DerivedDataCache/Boot.ddc.
[2014.10.13-18.44.36:137][  0]LogInit: Texture streaming: Enabled
[2014.10.13-18.44.36:163][  0]LogInit: Transaction tracking system initialized
[2014.10.13-18.44.36:248][  0]LogAssetRegistry: FAssetRegistry took 0.0107 seconds to start up
[2014.10.13-18.44.36:632][  0]LogTargetPlatformManager:Display: Building Assets For Windows
[2014.10.13-18.44.36:911][  0]LogTargetPlatformManager:Display: Building Assets For Windows
[2014.10.13-18.44.37:008][  0]LogConsoleResponse:Display: 
[2014.10.13-18.44.37:143][  0]LogStats:Warning: MetaData mismatch. Did you assign a stat to two groups? New //STATGROUP_Threads//FMonitoredProcess///Thread_1360_0///////STATCAT_Advanced//// old //STATGROUP_Threads//FMonitoredProcess///Thread_1f3c_0///////STATCAT_Advanced////
[2014.10.13-18.44.37:143][  0]LogStats:Warning: MetaData mismatch. Did you assign a stat to two groups? New //STATGROUP_Threads//FMonitoredProcess///Thread_1d8_0///////STATCAT_Advanced//// old //STATGROUP_Threads//FMonitoredProcess///Thread_1f3c_0///////STATCAT_Advanced////
[2014.10.13-18.44.37:143][  0]SourceControl: Info Source control is disabled
[2014.10.13-18.44.37:143][  0]Cmd: MAP LOAD FILE="../../../../../../Users/Christian/Desktop/ssctf/Content/Maps/Example_Map.umap" TEMPLATE=0 SHOWPROGRESS=1
[2014.10.13-18.44.37:143][  0]LightingResults: New page: Lighting Build
[2014.10.13-18.44.37:149][  0]MapCheck: New page: Map Check
[2014.10.13-18.44.37:149][  0]LightingResults: New page: Lighting Build
[2014.10.13-18.44.37:160][  0]LogParticles: Destroying 0 GPU particle simulations for FXSystem 0x000000DC8ADE51C0
[2014.10.13-18.44.37:322][  0]LogEditorServer: Finished looking for orphan Actors (0.000 secs)
[2014.10.13-18.44.37:322][  0]LogAIModule: Creating AISystem for world Example_Map
[2014.10.13-18.44.37:322][  0]Cmd: MAP CHECKDEP
[2014.10.13-18.44.37:322][  0]MapCheck: New page: Example_Map - Oct 13, 2014, 4:44:37 AM
[2014.10.13-18.44.37:385][  0]MapCheck: Info ========== Map Check: 0 Error(s), 0 Warning(s), [62.849ms] ==========
[2014.10.13-18.44.37:385][  0]LogFileHelpers: Loading map 'Example_Map' took 0.243
[2014.10.13-18.44.37:467][  0]LogCollectionManager: Loaded 0 collections in 0.000960 seconds
[2014.10.13-18.44.37:534][  0]LogCrashTracker: Crashtracker disabled due to settings.
[2014.10.13-18.44.37:580][  0]LogLoad: Full Startup: 6.63 seconds (BP compile: 0.05 seconds)
[2014.10.13-18.44.37:598][  0]LogContentBrowser:Verbose: The content browser source was changed by the sources view to '/Game/Blueprints'
[2014.10.13-18.44.37:714][  0]LogRenderer:Warning: Reallocating scene render targets to support 1136x888.
[2014.10.13-18.44.37:910][  1]LogAssetRegistry: Asset discovery search completed in 1.6730 seconds
[2014.10.13-18.44.47:733][517]LogPlayLevel: PIE:  No blueprints needed recompiling
[2014.10.13-18.44.47:733][517]PIE:Warning: Warning Not enough login credentials to launch all PIE instances, modify [/Script/UnrealEd.UnrealEdEngine].PIELogins
[2014.10.13-18.44.47:734][517]PIE: New page: PIE session: Example_Map (Oct 13, 2014, 4:44:47 AM)
[2014.10.13-18.44.47:758][517]LogPlayLevel: PIE: StaticDuplicateObject took: (0.023932s)
[2014.10.13-18.44.47:759][517]LogPlayLevel: PIE: World Init took: (0.000699s)
[2014.10.13-18.44.47:759][517]LogPlayLevel: PIE: Created PIE world by copying editor world from /Game/Maps/Example_Map.Example_Map to /Game/Maps/UEDPIE_1_Example_Map.Example_Map (0.024818s)
[2014.10.13-18.44.48:157][517]BlueprintLog:Warning: Warning Blueprint MyHUD has been migrated and requires re-saving to avoid import errors
[2014.10.13-18.44.48:157][517]BlueprintLog:Warning: Warning Blueprint MyGame has been migrated and requires re-saving to avoid import errors
[2014.10.13-18.44.48:159][517]LogWorld: Game class is 'MyGame_C'
[2014.10.13-18.44.48:160][517]LogAIModule: Creating AISystem for world Example_Map
[2014.10.13-18.44.48:162][517]LogWorld: Bringing World /Game/Maps/UEDPIE_1_Example_Map.Example_Map up for play (max tick rate 60) at 2014.10.13-11.44.48
[2014.10.13-18.44.48:162][517]LogWorld: Bringing up level for play took: 0.001939
[2014.10.13-18.44.48:164][517]LogInit: WinSock: Socket queue 131072 / 131072
[2014.10.13-18.44.48:166][517]LogInit: WinSock: I am Christians-PC (10.123.136.246:0)
[2014.10.13-18.44.48:166][517]LogNet: GameNetDriver IpNetDriver_0 IpNetDriver listening on port 7777
[2014.10.13-18.44.48:166][517]PIE: Info Play in editor start time for /Game/Maps/UEDPIE_1_Example_Map 1.376
[2014.10.13-18.44.48:167][517]PIE: New page: PIE session: Example_Map (Oct 13, 2014, 4:44:48 AM)
[2014.10.13-18.44.48:202][517]LogNet: Browse: 127.0.0.1//Game/Maps/Example_Map
[2014.10.13-18.44.48:203][517]LogInit: WinSock: Socket queue 32768 / 32768
[2014.10.13-18.44.48:203][517]LogNet: Game client on port 7777, rate 10000
[2014.10.13-18.44.48:206][517]PIE: Info Play in editor start time for /Game/Maps/Example_Map 1.415
[2014.10.13-18.44.48:207][517]LogNet: NotifyAcceptingConnection: Server Example_Map accept
[2014.10.13-18.44.48:207][517]LogNet: Open Example_Map 10/13/14 11:44:48 127.0.0.1
[2014.10.13-18.44.48:207][517]LogNet: Added client connection.  Remote address = 127.0.0.1:53052
[2014.10.13-18.44.48:207][517]LogNet: NotifyAcceptingChannel Control 0 server World /Game/Maps/UEDPIE_1_Example_Map.Example_Map: Accepted
[2014.10.13-18.44.48:207][517]LogNet: Remote platform little endian=1
[2014.10.13-18.44.48:207][517]LogNet: This platform little endian=1
[2014.10.13-18.44.48:350][518]LogNet: Login request: /Game/Maps/Example_Map userId: Invalid
[2014.10.13-18.44.48:350][518]LogNet: Client netspeed is 10000
[2014.10.13-18.44.48:351][518]LogNet: Welcomed by server (Level: /Game/Maps/UEDPIE_1_Example_Map, Game: /Game/Blueprints/MyGame.MyGame_C)
[2014.10.13-18.44.48:379][518]LogLoad: LoadMap: 127.0.0.1//Game/Maps/UEDPIE_1_Example_Map?game=/Game/Blueprints/MyGame.MyGame_C
[2014.10.13-18.44.48:380][518]LogActorComponent: UnregisterComponent: (/Engine/Transient.ProjectileMovementComponent_0) Not registered. Aborting.
[2014.10.13-18.44.48:380][518]LogActorComponent: UnregisterComponent: (/Engine/Transient.CharacterMovementComponent_0) Not registered. Aborting.
[2014.10.13-18.44.48:408][518]LogParticles: Destroying 0 GPU particle simulations for FXSystem 0x000000DC814D34C0
[2014.10.13-18.44.48:417][518]Cmd: MEM
[2014.10.13-18.44.48:434][518]LogMemory: Platform Memory Stats for Windows
[2014.10.13-18.44.48:434][518]LogMemory: Process Physical Memory: 408.91 MB used, 412.42 MB peak
[2014.10.13-18.44.48:434][518]LogMemory: Process Virtual Memory: 320.38 MB used, 327.03 MB peak
[2014.10.13-18.44.48:434][518]LogMemory: Physical Memory: 3680.42 MB used, 8076.88 MB total
[2014.10.13-18.44.48:434][518]LogMemory: Virtual Memory: 853.09 MB used, 134217728.00 MB total
[2014.10.13-18.44.48:434][518]LogMemory: 
[2014.10.13-18.44.48:434][518]Allocator Stats for TBB: (not implemented)
[2014.10.13-18.44.48:434][518]LogLinker: Can't find file for asset '/Game/Maps/UEDPIE_1_Example_Map' while loading NULL.
[2014.10.13-18.44.48:455][518]LogWorld: PIE: Copying PIE streaming level from /Game/Maps/Example_Map.Example_Map to /Game/Maps/UEDPIE_2_Example_Map.Example_Map. OwningWorld: None
[2014.10.13-18.44.48:459][518]LogWorld: Bringing World /Game/Maps/UEDPIE_2_Example_Map.Example_Map up for play (max tick rate 60) at 2014.10.13-11.44.48
[2014.10.13-18.44.48:459][518]LogWorld: Bringing up level for play took: 0.001968
[2014.10.13-18.44.48:477][519]LogNet: Join request: /Game/Maps/Example_Map?SplitscreenCount=1
[2014.10.13-18.44.48:480][519]LogNet: Join succeeded: 257
[2014.10.13-18.44.50:926][633]LogScript:Warning: Accessed None 'MyOwner'
	SuperSpeedBoundingBox_C /Game/Maps/UEDPIE_2_Example_Map.Example_Map:PersistentLevel.SuperSpeedBoundingBox_C_1
	Function /Game/Blueprints/SuperSpeedBoundingBox.SuperSpeedBoundingBox_C:UserConstructionScript:0031
[2014.10.13-18.44.50:926][633]PIE:Error: Error Accessed None 'MyOwner' from node Do Super Speed End Dispatcher in blueprint SuperSpeedBoundingBox
[2014.10.13-18.44.50:927][633]LogScript:Warning: Accessed None 'MyOwner'
	SuperSpeedBoundingBox_C /Game/Maps/UEDPIE_2_Example_Map.Example_Map:PersistentLevel.SuperSpeedBoundingBox_C_1
	Function /Game/Blueprints/SuperSpeedBoundingBox.SuperSpeedBoundingBox_C:UserConstructionScript:0108
[2014.10.13-18.44.50:927][633]PIE:Error: Error Accessed None 'MyOwner' from node Do Super Speed End Dispatcher in blueprint SuperSpeedBoundingBox
[2014.10.13-18.44.52:390][701]LogActorComponent: UnregisterComponent: (/Engine/Transient.CharacterMovementComponent_1) Not registered. Aborting.
[2014.10.13-18.44.52:390][701]LogActorComponent: UnregisterComponent: (/Engine/Transient.ProjectileMovementComponent_1) Not registered. Aborting.
[2014.10.13-18.44.52:407][701]LogNet: UChannel::CleanUp: [GameNetDriver] [None] [None]. ChIndex == 0. Closing connection.
[2014.10.13-18.44.52:407][701]LogNet: UNetConnection::Close: Name: None, Driver: GameNetDriver None, PC: None, Owner: None, Channels: 1, RemoteAddr: 127.0.0.1:7777, Time: 2014.10.13-18.44.52
[2014.10.13-18.44.52:407][701]LogNet: UChannel::Close: Sending CloseBunch. ChIndex == 0. Name: ControlChannel_0
[2014.10.13-18.44.52:407][701]LogNet: UChannel::CleanUp: [GameNetDriver] [None] [None]. ChIndex == 0. Closing connection.
[2014.10.13-18.44.52:407][701]LogNet: UNetConnection::Close: Name: None, Driver: GameNetDriver None, PC: None, Owner: None, Channels: 1, RemoteAddr: 127.0.0.1:53052, Time: 2014.10.13-18.44.52
[2014.10.13-18.44.52:407][701]LogNet: UChannel::Close: Sending CloseBunch. ChIndex == 0. Name: ControlChannel_1
[2014.10.13-18.44.52:408][701]LogParticles: Destroying 0 GPU particle simulations for FXSystem 0x000000DC9085E200
[2014.10.13-18.44.52:408][701]LogExit: GameNetDriver None shut down
[2014.10.13-18.44.52:408][701]LogExit: GameNetDriver None shut down
[2014.10.13-18.44.52:414][701]LogParticles: Destroying 0 GPU particle simulations for FXSystem 0x000000DC814D1260
[2014.10.13-18.48.50:619][292]LogContentBrowser:Verbose: The content browser source was changed by the sources view to '/Game'
[2014.10.13-18.50.13:126][407]LogSlate:Warning: Prevented a slow task dialog from being summoned while a context menu was open
[2014.10.13-18.52.25:037][ 22]LogUProjectInfo: Found projects:
[2014.10.13-18.52.27:554][138]Cmd: CLOSE_SLATE_MAINFRAME
[2014.10.13-18.52.27:554][138]LogActorComponent: UnregisterComponent: (/Engine/Transient.CharacterMovementComponent_2) Not registered. Aborting.
[2014.10.13-18.52.27:554][138]LogActorComponent: UnregisterComponent: (/Engine/Transient.ProjectileMovementComponent_2) Not registered. Aborting.
[2014.10.13-18.52.27:583][138]LogParticles: Destroying 0 GPU particle simulations for FXSystem 0x000000DC958F2D40
[2014.10.13-18.52.30:294][139]Cmd: QUIT_EDITOR
[2014.10.13-18.52.30:459][139]LogWindowsTextInputMethodSystem:Error: Terminating failed while unadvising the language notification sink from the TSF source.
[2014.10.13-18.52.30:460][139]LogExit: Preparing to exit.
[2014.10.13-18.52.30:802][139]LogExit: Editor shut down
[2014.10.13-18.52.30:802][139]LogExit: Transaction tracking system shut down
[2014.10.13-18.52.30:803][139]LogParticles: Destroying 0 GPU particle simulations for FXSystem 0x000000DCFFE99EE0
[2014.10.13-18.52.30:804][139]LogParticles: Destroying 0 GPU particle simulations for FXSystem 0x000000DC814D2480
[2014.10.13-18.52.30:826][139]LogExit: Object subsystem successfully closed.
[2014.10.13-18.52.30:862][139]LogModuleManager: Shutting down and abandoning module AndroidDeviceDetection (161)
[2014.10.13-18.52.30:862][139]LogModuleManager: Shutting down and abandoning module HTTP (160)
[2014.10.13-18.52.30:863][139]LogModuleManager: Shutting down and abandoning module CrashTracker (159)
[2014.10.13-18.52.30:863][139]LogModuleManager: Shutting down and abandoning module SuperSearch (158)
[2014.10.13-18.52.30:863][139]LogModuleManager: Shutting down and abandoning module SceneOutliner (157)
[2014.10.13-18.52.30:863][139]LogModuleManager: Shutting down and abandoning module EditorWidgets (156)
[2014.10.13-18.52.30:863][139]LogModuleManager: Shutting down and abandoning module CollectionManager (155)
[2014.10.13-18.52.30:863][139]LogModuleManager: Shutting down and abandoning module StatsViewer (154)
[2014.10.13-18.52.30:863][139]LogModuleManager: Shutting down and abandoning module FoliageEdit (153)
[2014.10.13-18.52.30:863][139]LogModuleManager: Shutting down and abandoning module LandscapeEditor (152)
[2014.10.13-18.52.30:863][139]LogModuleManager: Shutting down and abandoning module MeshPaint (151)
[2014.10.13-18.52.30:863][139]LogModuleManager: Shutting down and abandoning module ActorPickerMode (150)
[2014.10.13-18.52.30:863][139]LogModuleManager: Shutting down and abandoning module GeometryMode (149)
[2014.10.13-18.52.30:863][139]LogModuleManager: Shutting down and abandoning module TextureAlignMode (148)
[2014.10.13-18.52.30:863][139]LogModuleManager: Shutting down and abandoning module BspMode (147)
[2014.10.13-18.52.30:863][139]LogModuleManager: Shutting down and abandoning module PlacementMode (146)
[2014.10.13-18.52.30:863][139]LogModuleManager: Shutting down and abandoning module DesktopPlatform (145)
[2014.10.13-18.52.30:863][139]LogModuleManager: Shutting down and abandoning module AutomationWorker (144)
[2014.10.13-18.52.30:863][139]LogModuleManager: Shutting down and abandoning module EditorLiveStreaming (143)
[2014.10.13-18.52.30:863][139]LogModuleManager: Shutting down and abandoning module BehaviorTreeEditor (142)
[2014.10.13-18.52.30:863][139]LogModuleManager: Shutting down and abandoning module DeviceProfileEditor (141)
[2014.10.13-18.52.30:863][139]LogModuleManager: Shutting down and abandoning module UndoHistory (140)
[2014.10.13-18.52.30:863][139]LogModuleManager: Shutting down and abandoning module GameplayTagsEditor (139)
[2014.10.13-18.52.30:863][139]LogModuleManager: Shutting down and abandoning module UserFeedback (138)
[2014.10.13-18.52.30:863][139]LogModuleManager: Shutting down and abandoning module XmlParser (137)
[2014.10.13-18.52.30:863][139]LogModuleManager: Shutting down and abandoning module Blutility (136)
[2014.10.13-18.52.30:863][139]LogModuleManager: Shutting down and abandoning module IOSPlatformEditor (135)
[2014.10.13-18.52.30:863][139]LogModuleManager: Shutting down and abandoning module IOSRuntimeSettings (134)
[2014.10.13-18.52.30:863][139]LogModuleManager: Shutting down and abandoning module AndroidPlatformEditor (133)
[2014.10.13-18.52.30:863][139]LogModuleManager: Shutting down and abandoning module AndroidRuntimeSettings (132)
[2014.10.13-18.52.30:863][139]LogModuleManager: Shutting down and abandoning module ProjectTargetPlatformEditor (131)
[2014.10.13-18.52.30:863][139]LogModuleManager: Shutting down and abandoning module ProjectSettingsViewer (130)
[2014.10.13-18.52.30:864][139]LogModuleManager: Shutting down and abandoning module InputBindingEditor (129)
[2014.10.13-18.52.30:864][139]LogModuleManager: Shutting down and abandoning module EditorSettingsViewer (128)
[2014.10.13-18.52.30:864][139]LogModuleManager: Shutting down and abandoning module SettingsEditor (127)
[2014.10.13-18.52.30:864][139]LogModuleManager: Shutting down and abandoning module SessionLauncher (126)
[2014.10.13-18.52.30:864][139]LogModuleManager: Shutting down and abandoning module SessionFrontend (125)
[2014.10.13-18.52.30:864][139]LogModuleManager: Shutting down and abandoning module ProfilerClient (124)
[2014.10.13-18.52.30:864][139]LogModuleManager: Shutting down and abandoning module TargetDeviceServices (123)
[2014.10.13-18.52.30:864][139]LogModuleManager: Shutting down and abandoning module DeviceManager (122)
[2014.10.13-18.52.30:864][139]LogModuleManager: Shutting down and abandoning module AutomationController (121)
[2014.10.13-18.52.30:864][139]LogModuleManager: Shutting down and abandoning module AutomationWindow (120)
[2014.10.13-18.52.30:864][139]LogModuleManager: Shutting down and abandoning module Layers (119)
[2014.10.13-18.52.30:864][139]LogModuleManager: Shutting down and abandoning module ComponentVisualizers (118)
[2014.10.13-18.52.30:864][139]LogModuleManager: Shutting down and abandoning module DetailCustomizations (117)
[2014.10.13-18.52.30:864][139]LogModuleManager: Shutting down and abandoning module PackagesDialog (116)
[2014.10.13-18.52.30:864][139]LogModuleManager: Shutting down and abandoning module DirectoryWatcher (115)
[2014.10.13-18.52.30:865][139]LogModuleManager: Shutting down and abandoning module AssetRegistry (114)
[2014.10.13-18.52.30:905][139]LogModuleManager: Shutting down and abandoning module Persona (113)
[2014.10.13-18.52.30:905][139]LogModuleManager: Shutting down and abandoning module GraphEditor (112)
[2014.10.13-18.52.30:905][139]LogModuleManager: Shutting down and abandoning module ClassViewer (111)
[2014.10.13-18.52.30:905][139]LogModuleManager: Shutting down and abandoning module Toolbox (110)
[2014.10.13-18.52.30:905][139]LogModuleManager: Shutting down and abandoning module ModuleUI (109)
[2014.10.13-18.52.30:905][139]LogModuleManager: Shutting down and abandoning module Sequencer (108)
[2014.10.13-18.52.30:905][139]LogModuleManager: Shutting down and abandoning module MovieSceneTools (107)
[2014.10.13-18.52.30:905][139]LogModuleManager: Shutting down and abandoning module OutputLog (106)
[2014.10.13-18.52.30:905][139]LogModuleManager: Shutting down and abandoning module GammaUI (105)
[2014.10.13-18.52.30:905][139]LogModuleManager: Shutting down and abandoning module Documentation (104)
[2014.10.13-18.52.30:905][139]LogModuleManager: Shutting down and abandoning module GameLiveStreaming (103)
[2014.10.13-18.52.30:905][139]LogModuleManager: Shutting down and abandoning module StreamingPauseRendering (102)
[2014.10.13-18.52.30:905][139]LogModuleManager: Shutting down and abandoning module AnalyticsET (101)
[2014.10.13-18.52.30:905][139]LogModuleManager: Shutting down and abandoning module Analytics (100)
[2014.10.13-18.52.30:905][139]LogModuleManager: Shutting down and abandoning module GameplayDebugger (99)
[2014.10.13-18.52.30:905][139]LogModuleManager: Shutting down and abandoning module AIModule (98)
[2014.10.13-18.52.30:905][139]LogModuleManager: Shutting down and abandoning module ProfilerService (97)
[2014.10.13-18.52.31:127][139]LogModuleManager: Shutting down and abandoning module TaskGraph (96)
[2014.10.13-18.52.31:127][139]LogModuleManager: Shutting down and abandoning module SlateRemote (95)
[2014.10.13-18.52.31:127][139]LogModuleManager: Shutting down and abandoning module ScriptEditorPlugin (94)
[2014.10.13-18.52.31:127][139]LogModuleManager: Shutting down and abandoning module CustomMeshComponent (93)
[2014.10.13-18.52.31:127][139]LogModuleManager: Shutting down and abandoning module CableComponent (92)
[2014.10.13-18.52.31:127][139]LogModuleManager: Shutting down and abandoning module MessagingDebugger (91)
[2014.10.13-18.52.31:127][139]LogModuleManager: Shutting down and abandoning module ViewportSnapping (90)
[2014.10.13-18.52.31:127][139]LogModuleManager: Shutting down and abandoning module SmartSnapping (89)
[2014.10.13-18.52.31:127][139]LogModuleManager: Shutting down and abandoning module PaperTiledImporter (88)
[2014.10.13-18.52.31:127][139]LogModuleManager: Shutting down and abandoning module PaperJsonImporter (87)
[2014.10.13-18.52.31:127][139]LogModuleManager: Shutting down and abandoning module GameProjectGeneration (86)
[2014.10.13-18.52.31:127][139]LogModuleManager: Shutting down and abandoning module Matinee (85)
[2014.10.13-18.52.31:127][139]LogModuleManager: Shutting down and abandoning module Kismet (84)
[2014.10.13-18.52.31:127][139]LogModuleManager: Shutting down and abandoning module SlateReflector (83)
[2014.10.13-18.52.31:127][139]LogModuleManager: Shutting down and abandoning module LevelEditor (82)
[2014.10.13-18.52.31:128][139]LogModuleManager: Shutting down and abandoning module IntroTutorials (81)
[2014.10.13-18.52.31:128][139]LogModuleManager: Shutting down and abandoning module ContentBrowser (80)
[2014.10.13-18.52.31:128][139]LogModuleManager: Shutting down and abandoning module PropertyEditor (79)
[2014.10.13-18.52.31:128][139]LogModuleManager: Shutting down and abandoning module AssetTools (78)
[2014.10.13-18.52.31:128][139]LogModuleManager: Shutting down and abandoning module Paper2DEditor (77)
[2014.10.13-18.52.31:128][139]LogModuleManager: Shutting down and abandoning module SpeedTreeImporter (76)
[2014.10.13-18.52.31:128][139]LogModuleManager: Shutting down and abandoning module PluginsEditor (75)
[2014.10.13-18.52.31:128][139]LogModuleManager: Shutting down and abandoning module MainFrame (74)
[2014.10.13-18.52.31:128][139]LogModuleManager: Shutting down and abandoning module EpicSurvey (73)
[2014.10.13-18.52.31:128][139]LogModuleManager: Shutting down and abandoning module VisualStudioSourceCodeAccess (72)
[2014.10.13-18.52.31:128][139]LogModuleManager: Shutting down and abandoning module UObjectPlugin (71)
[2014.10.13-18.52.31:128][139]LogModuleManager: Shutting down and abandoning module SubversionSourceControl (70)
[2014.10.13-18.52.31:128][139]LogModuleManager: Shutting down and abandoning module SourceControl (69)
[2014.10.13-18.52.31:128][139]LogModuleManager: Shutting down and abandoning module PerforceSourceControl (68)
[2014.10.13-18.52.31:128][139]LogModuleManager: Shutting down and abandoning module BlankPlugin (67)
[2014.10.13-18.52.31:128][139]LogModuleManager: Shutting down and abandoning module ScriptPlugin (66)
[2014.10.13-18.52.31:129][139]LogModuleManager: Shutting down and abandoning module UdpMessaging (65)
[2014.10.13-18.52.31:229][139]LogModuleManager: Shutting down and abandoning module Paper2D (64)
[2014.10.13-18.52.31:229][139]LogModuleManager: Shutting down and abandoning module WindowsMoviePlayer (63)
[2014.10.13-18.52.31:232][139]LogModuleManager: Shutting down and abandoning module ImageWrapper (62)
[2014.10.13-18.52.31:232][139]LogModuleManager: Shutting down and abandoning module OnlineBlueprintSupport (61)
[2014.10.13-18.52.31:232][139]LogModuleManager: Shutting down and abandoning module FunctionalTesting (60)
[2014.10.13-18.52.31:232][139]LogModuleManager: Shutting down and abandoning module CollisionAnalyzer (59)
[2014.10.13-18.52.31:232][139]LogModuleManager: Shutting down and abandoning module WorkspaceMenuStructure (58)
[2014.10.13-18.52.31:232][139]LogModuleManager: Shutting down and abandoning module MessageLog (57)
[2014.10.13-18.52.31:232][139]LogModuleManager: Shutting down and abandoning module UMGEditor (56)
[2014.10.13-18.52.31:232][139]LogModuleManager: Shutting down and abandoning module UMG (55)
[2014.10.13-18.52.31:232][139]LogModuleManager: Shutting down and abandoning module Slate (54)
[2014.10.13-18.52.31:232][139]LogModuleManager: Shutting down and abandoning module EditorStyle (53)
[2014.10.13-18.52.31:234][139]LogModuleManager: Shutting down and abandoning module SessionServices (52)
[2014.10.13-18.52.31:234][139]LogModuleManager: Shutting down and abandoning module SourceCodeAccess (51)
[2014.10.13-18.52.31:234][139]LogModuleManager: Shutting down and abandoning module HeadMountedDisplay (50)
[2014.10.13-18.52.31:234][139]LogModuleManager: Shutting down and abandoning module XAudio2 (49)
[2014.10.13-18.52.31:234][139]LogModuleManager: Shutting down and abandoning module Networking (47)
[2014.10.13-18.52.31:234][139]LogModuleManager: Shutting down and abandoning module Core (46)
[2014.10.13-18.52.31:234][139]LogModuleManager: Shutting down and abandoning module KismetCompiler (45)
[2014.10.13-18.52.31:234][139]LogModuleManager: Shutting down and abandoning module PhysXFormats (44)
[2014.10.13-18.52.31:234][139]LogModuleManager: Shutting down and abandoning module MeshUtilities (43)
[2014.10.13-18.52.31:234][139]LogModuleManager: Shutting down and abandoning module DerivedDataCache (42)
[2014.10.13-18.52.31:244][139]LogDerivedDataCache: Shutdown
[2014.10.13-18.52.31:244][139]LogModuleManager: Shutting down and abandoning module ShaderFormatOpenGL (41)
[2014.10.13-18.52.31:244][139]LogModuleManager: Shutting down and abandoning module ShaderFormatD3D (40)
[2014.10.13-18.52.31:244][139]LogModuleManager: Shutting down and abandoning module MetalShaderFormat (39)
[2014.10.13-18.52.31:244][139]LogModuleManager: Shutting down and abandoning module TextureFormatUncompressed (38)
[2014.10.13-18.52.31:244][139]LogModuleManager: Shutting down and abandoning module TextureFormatPVR (37)
[2014.10.13-18.52.31:244][139]LogModuleManager: Shutting down and abandoning module TextureFormatDXT (36)
[2014.10.13-18.52.31:244][139]LogModuleManager: Shutting down and abandoning module TextureFormatAndroid (35)
[2014.10.13-18.52.31:244][139]LogModuleManager: Shutting down and abandoning module AudioFormatOpus (34)
[2014.10.13-18.52.31:244][139]LogModuleManager: Shutting down and abandoning module AudioFormatOgg (33)
[2014.10.13-18.52.31:244][139]LogModuleManager: Shutting down and abandoning module AudioFormatADPCM (32)
[2014.10.13-18.52.31:244][139]LogModuleManager: Shutting down and abandoning module Messaging (31)
[2014.10.13-18.52.31:244][139]LogModuleManager: Shutting down and abandoning module IOSTargetPlatform (30)
[2014.10.13-18.52.31:244][139]LogModuleManager: Shutting down and abandoning module Android_PVRTCTargetPlatform (29)
[2014.10.13-18.52.31:244][139]LogModuleManager: Shutting down and abandoning module Android_ETC2TargetPlatform (28)
[2014.10.13-18.52.31:244][139]LogModuleManager: Shutting down and abandoning module Android_ETC1TargetPlatform (27)
[2014.10.13-18.52.31:244][139]LogModuleManager: Shutting down and abandoning module Android_DXTTargetPlatform (26)
[2014.10.13-18.52.31:244][139]LogModuleManager: Shutting down and abandoning module Android_ATCTargetPlatform (25)
[2014.10.13-18.52.31:244][139]LogModuleManager: Shutting down and abandoning module AndroidTargetPlatform (24)
[2014.10.13-18.52.31:244][139]LogModuleManager: Shutting down and abandoning module WindowsTargetPlatform (23)
[2014.10.13-18.52.31:244][139]LogModuleManager: Shutting down and abandoning module WindowsServerTargetPlatform (22)
[2014.10.13-18.52.31:244][139]LogModuleManager: Shutting down and abandoning module WindowsNoEditorTargetPlatform (21)
[2014.10.13-18.52.31:244][139]LogModuleManager: Shutting down and abandoning module WindowsClientTargetPlatform (20)
[2014.10.13-18.52.31:244][139]LogModuleManager: Shutting down and abandoning module TargetPlatform (19)
[2014.10.13-18.52.31:244][139]LogModuleManager: Shutting down and abandoning module InputCore (18)
[2014.10.13-18.52.31:244][139]LogModuleManager: Shutting down and abandoning module Settings (17)
[2014.10.13-18.52.31:244][139]LogModuleManager: Shutting down and abandoning module ExampleDeviceProfileSelector (14)
[2014.10.13-18.52.31:244][139]LogModuleManager: Shutting down and abandoning module OculusRift (13)
[2014.10.13-18.52.31:244][139]LogModuleManager: Shutting down and abandoning module TextureCompressor (12)
[2014.10.13-18.52.31:244][139]LogModuleManager: Shutting down and abandoning module ShaderCore (11)
[2014.10.13-18.52.31:244][139]LogModuleManager: Shutting down and abandoning module OpenGLDrv (10)
[2014.10.13-18.52.31:244][139]LogModuleManager: Shutting down and abandoning module D3D11RHI (9)
[2014.10.13-18.52.31:244][139]LogModuleManager: Shutting down and abandoning module SlateRHIRenderer (8)
[2014.10.13-18.52.31:244][139]LogModuleManager: Shutting down and abandoning module Renderer (7)
[2014.10.13-18.52.31:244][139]LogModuleManager: Shutting down and abandoning module Engine (6)
[2014.10.13-18.52.31:244][139]LogModuleManager: Shutting down and abandoning module CoreUObject (5)
[2014.10.13-18.52.31:244][139]LogModuleManager: Shutting down and abandoning module NetworkFile (4)
[2014.10.13-18.52.31:244][139]LogModuleManager: Shutting down and abandoning module StreamingFile (3)
[2014.10.13-18.52.31:244][139]LogModuleManager: Shutting down and abandoning module SandboxFile (2)
[2014.10.13-18.52.31:244][139]LogModuleManager: Shutting down and abandoning module PakFile (1)
[2014.10.13-18.52.31:245][139]LogExit: Exiting.
[2014.10.13-18.52.31:248][139]Log file closed, 10/13/14 11:52:31
